<?xml version="1.0" encoding="UTF-8"?>
<!-- Generated by org.testng.reporters.JUnitXMLReporter -->
<testsuite ignored="0" hostname="DESKTOP-LJUN8GS" failures="0" tests="18" name="Test" time="50.932" errors="0" timestamp="2023-09-07T18:42:57 EET">
  <testcase classname="tests.HomePageTests" name="checking_desktops_sublink" time="1.877"/>
  <testcase classname="tests.HomePageTests" name="checking_next_page_aarow" time="2.028"/>
  <testcase classname="tests.HomePageTests" name="checking_tablets_link" time="1.466"/>
  <testcase classname="tests.InternalProductPageTests" name="change_quantity" time="1.99"/>
  <testcase classname="tests.InternalProductPageTests" name="product_add_to_cart" time="1.914"/>
  <testcase classname="tests.InternalProductPageTests" name="product_write_review" time="2.836"/>
  <testcase classname="tests.FooterTests" name="check_about_us_link" time="1.438"/>
  <testcase classname="tests.FooterTests" name="check_avout_us_link" time="1.467"/>
  <testcase classname="tests.FooterTests" name="check_contact_us_link" time="1.389"/>
  <testcase classname="tests.ContactUsTests" name="send_message" time="1.883"/>
  <testcase classname="tests.ContactUsTests" name="wrong_info_contacting" time="1.917"/>
  <testcase classname="tests.ContactUsTests" name="wrong_info_contacting" time="2.558"/>
  <testcase classname="tests.ContactUsTests" name="wrong_info_contacting" time="1.853"/>
  <testcase classname="tests.InventoryTests" name="checkin_limit_functionality" time="1.791"/>
  <testcase classname="tests.InventoryTests" name="checkin_sorting_functionality" time="2.173"/>
  <testcase classname="tests.LoginTests" name="unsuccessful_login" time="2.043"/>
  <testcase classname="tests.RegisterTests" name="successful_register" time="2.449"/>
  <testcase classname="tests.RegisterTests" name="unsuccessful_register" time="1.958"/>
</testsuite> <!-- Test -->
