<?xml version="1.0" encoding="UTF-8"?>
<!-- Generated by org.testng.reporters.JUnitXMLReporter -->
<testsuite ignored="0" hostname="DESKTOP-LJUN8GS" failures="0" tests="18" name="Test2" time="85.887" errors="0" timestamp="2023-09-07T18:44:23 EET">
  <testcase classname="tests.HomePageTests" name="checking_desktops_sublink" time="1.567"/>
  <testcase classname="tests.HomePageTests" name="checking_next_page_aarow" time="1.394"/>
  <testcase classname="tests.HomePageTests" name="checking_tablets_link" time="1.55"/>
  <testcase classname="tests.InternalProductPageTests" name="change_quantity" time="2.391"/>
  <testcase classname="tests.InternalProductPageTests" name="product_add_to_cart" time="2.192"/>
  <testcase classname="tests.InternalProductPageTests" name="product_write_review" time="2.895"/>
  <testcase classname="tests.FooterTests" name="check_about_us_link" time="1.027"/>
  <testcase classname="tests.FooterTests" name="check_avout_us_link" time="1.713"/>
  <testcase classname="tests.FooterTests" name="check_contact_us_link" time="2.121"/>
  <testcase classname="tests.ContactUsTests" name="send_message" time="2.33"/>
  <testcase classname="tests.ContactUsTests" name="wrong_info_contacting" time="2.63"/>
  <testcase classname="tests.ContactUsTests" name="wrong_info_contacting" time="2.303"/>
  <testcase classname="tests.ContactUsTests" name="wrong_info_contacting" time="2.2"/>
  <testcase classname="tests.InventoryTests" name="checkin_limit_functionality" time="2.022"/>
  <testcase classname="tests.InventoryTests" name="checkin_sorting_functionality" time="1.898"/>
  <testcase classname="tests.LoginTests" name="unsuccessful_login" time="1.892"/>
  <testcase classname="tests.RegisterTests" name="successful_register" time="2.21"/>
  <testcase classname="tests.RegisterTests" name="unsuccessful_register" time="1.814"/>
</testsuite> <!-- Test2 -->
