<?xml version="1.0" encoding="UTF-8"?>
<!-- Generated by org.testng.reporters.JUnitXMLReporter -->
<testsuite ignored="0" hostname="DESKTOP-LJUN8GS" failures="0" tests="18" name="Test" time="55.81" errors="0" timestamp="2023-09-08T14:32:05 EET">
  <testcase classname="tests.HomePageTests" name="checking_desktops_sublink" time="1.966"/>
  <testcase classname="tests.HomePageTests" name="checking_next_page_aarow" time="1.785"/>
  <testcase classname="tests.HomePageTests" name="checking_tablets_link" time="1.614"/>
  <testcase classname="tests.InternalProductPageTests" name="change_quantity" time="2.524"/>
  <testcase classname="tests.InternalProductPageTests" name="product_add_to_cart" time="2.587"/>
  <testcase classname="tests.InternalProductPageTests" name="product_write_review" time="2.992"/>
  <testcase classname="tests.FooterTests" name="check_about_us_link" time="1.506"/>
  <testcase classname="tests.FooterTests" name="check_avout_us_link" time="1.81"/>
  <testcase classname="tests.FooterTests" name="check_contact_us_link" time="1.333"/>
  <testcase classname="tests.ContactUsTests" name="send_message" time="2.367"/>
  <testcase classname="tests.ContactUsTests" name="wrong_info_contacting" time="2.312"/>
  <testcase classname="tests.ContactUsTests" name="wrong_info_contacting" time="2.841"/>
  <testcase classname="tests.ContactUsTests" name="wrong_info_contacting" time="2.354"/>
  <testcase classname="tests.InventoryTests" name="checkin_limit_functionality" time="2.063"/>
  <testcase classname="tests.InventoryTests" name="checkin_sorting_functionality" time="2.092"/>
  <testcase classname="tests.LoginTests" name="unsuccessful_login" time="1.696"/>
  <testcase classname="tests.RegisterTests" name="successful_register" time="2.59"/>
  <testcase classname="tests.RegisterTests" name="unsuccessful_register" time="2.172"/>
</testsuite> <!-- Test -->
