<?xml version="1.0" encoding="UTF-8"?>
<!-- Generated by org.testng.reporters.JUnitXMLReporter -->
<testsuite ignored="0" hostname="DESKTOP-LJUN8GS" failures="0" tests="18" name="Test2" time="91.436" errors="0" timestamp="2023-09-08T14:33:36 EET">
  <testcase classname="tests.HomePageTests" name="checking_desktops_sublink" time="1.804"/>
  <testcase classname="tests.HomePageTests" name="checking_next_page_aarow" time="1.669"/>
  <testcase classname="tests.HomePageTests" name="checking_tablets_link" time="1.765"/>
  <testcase classname="tests.InternalProductPageTests" name="change_quantity" time="2.245"/>
  <testcase classname="tests.InternalProductPageTests" name="product_add_to_cart" time="2.851"/>
  <testcase classname="tests.InternalProductPageTests" name="product_write_review" time="3.58"/>
  <testcase classname="tests.FooterTests" name="check_about_us_link" time="1.239"/>
  <testcase classname="tests.FooterTests" name="check_avout_us_link" time="1.657"/>
  <testcase classname="tests.FooterTests" name="check_contact_us_link" time="1.817"/>
  <testcase classname="tests.ContactUsTests" name="send_message" time="2.507"/>
  <testcase classname="tests.ContactUsTests" name="wrong_info_contacting" time="2.395"/>
  <testcase classname="tests.ContactUsTests" name="wrong_info_contacting" time="2.472"/>
  <testcase classname="tests.ContactUsTests" name="wrong_info_contacting" time="2.461"/>
  <testcase classname="tests.InventoryTests" name="checkin_limit_functionality" time="2.193"/>
  <testcase classname="tests.InventoryTests" name="checkin_sorting_functionality" time="2.102"/>
  <testcase classname="tests.LoginTests" name="unsuccessful_login" time="1.944"/>
  <testcase classname="tests.RegisterTests" name="successful_register" time="2.516"/>
  <testcase classname="tests.RegisterTests" name="unsuccessful_register" time="2.551"/>
</testsuite> <!-- Test2 -->
