<?xml version="1.0" encoding="UTF-8"?>
<!-- Generated by org.testng.reporters.JUnitXMLReporter -->
<testsuite ignored="0" hostname="DESKTOP-LJUN8GS" failures="0" tests="18" name="Test3" time="65.551" errors="0" timestamp="2023-09-08T14:34:42 EET">
  <testcase classname="tests.HomePageTests" name="checking_desktops_sublink" time="3.456"/>
  <testcase classname="tests.HomePageTests" name="checking_next_page_aarow" time="1.61"/>
  <testcase classname="tests.HomePageTests" name="checking_tablets_link" time="1.773"/>
  <testcase classname="tests.InternalProductPageTests" name="change_quantity" time="3.137"/>
  <testcase classname="tests.InternalProductPageTests" name="product_add_to_cart" time="2.983"/>
  <testcase classname="tests.InternalProductPageTests" name="product_write_review" time="3.794"/>
  <testcase classname="tests.FooterTests" name="check_about_us_link" time="1.614"/>
  <testcase classname="tests.FooterTests" name="check_avout_us_link" time="1.848"/>
  <testcase classname="tests.FooterTests" name="check_contact_us_link" time="3.103"/>
  <testcase classname="tests.ContactUsTests" name="send_message" time="3.167"/>
  <testcase classname="tests.ContactUsTests" name="wrong_info_contacting" time="3.356"/>
  <testcase classname="tests.ContactUsTests" name="wrong_info_contacting" time="3.389"/>
  <testcase classname="tests.ContactUsTests" name="wrong_info_contacting" time="2.424"/>
  <testcase classname="tests.InventoryTests" name="checkin_limit_functionality" time="2.924"/>
  <testcase classname="tests.InventoryTests" name="checkin_sorting_functionality" time="2.998"/>
  <testcase classname="tests.LoginTests" name="unsuccessful_login" time="2.897"/>
  <testcase classname="tests.RegisterTests" name="successful_register" time="3.642"/>
  <testcase classname="tests.RegisterTests" name="unsuccessful_register" time="2.82"/>
</testsuite> <!-- Test3 -->
