<?xml version="1.0" encoding="UTF-8"?>
<testng-results ignored="0" total="54" passed="54" failed="0" skipped="0">
  <reporter-output>
  </reporter-output>
  <suite started-at="2023-09-08T14:31:09 EET" name="Suite" finished-at="2023-09-08T14:34:42 EET" duration-ms="212825">
    <groups>
    </groups>
    <test started-at="2023-09-08T14:31:09 EET" name="Test" finished-at="2023-09-08T14:32:05 EET" duration-ms="55810">
      <class name="tests.LoginTests">
        <test-method is-config="true" signature="setupDriver(java.lang.String)[pri:0, instance:tests.LoginTests@6f38a289]" started-at="2023-09-08T14:31:56 EET" name="setupDriver" finished-at="2023-09-08T14:31:57 EET" duration-ms="668" status="PASS">
          <params>
            <param index="0">
              <value>
                <![CDATA[chrome]]>
              </value>
            </param>
          </params>
          <reporter-output>
          </reporter-output>
        </test-method> <!-- setupDriver -->
        <test-method signature="unsuccessful_login()[pri:0, instance:tests.LoginTests@6f38a289]" started-at="2023-09-08T14:31:57 EET" name="unsuccessful_login" finished-at="2023-09-08T14:31:59 EET" duration-ms="1696" status="PASS">
          <reporter-output>
          </reporter-output>
        </test-method> <!-- unsuccessful_login -->
        <test-method is-config="true" signature="closeBrowser()[pri:0, instance:tests.LoginTests@6f38a289]" started-at="2023-09-08T14:31:59 EET" name="closeBrowser" finished-at="2023-09-08T14:31:59 EET" duration-ms="111" status="PASS">
          <reporter-output>
          </reporter-output>
        </test-method> <!-- closeBrowser -->
      </class> <!-- tests.LoginTests -->
      <class name="tests.InternalProductPageTests">
        <test-method is-config="true" signature="setupDriver(java.lang.String)[pri:0, instance:tests.InternalProductPageTests@7d0614f]" started-at="2023-09-08T14:31:20 EET" name="setupDriver" finished-at="2023-09-08T14:31:21 EET" duration-ms="691" status="PASS">
          <params>
            <param index="0">
              <value>
                <![CDATA[chrome]]>
              </value>
            </param>
          </params>
          <reporter-output>
          </reporter-output>
        </test-method> <!-- setupDriver -->
        <test-method signature="change_quantity()[pri:0, instance:tests.InternalProductPageTests@7d0614f]" started-at="2023-09-08T14:31:21 EET" name="change_quantity" finished-at="2023-09-08T14:31:23 EET" duration-ms="2524" status="PASS">
          <reporter-output>
          </reporter-output>
        </test-method> <!-- change_quantity -->
        <test-method is-config="true" signature="closeBrowser()[pri:0, instance:tests.InternalProductPageTests@7d0614f]" started-at="2023-09-08T14:31:23 EET" name="closeBrowser" finished-at="2023-09-08T14:31:23 EET" duration-ms="79" status="PASS">
          <reporter-output>
          </reporter-output>
        </test-method> <!-- closeBrowser -->
        <test-method is-config="true" signature="setupDriver(java.lang.String)[pri:0, instance:tests.InternalProductPageTests@7d0614f]" started-at="2023-09-08T14:31:23 EET" name="setupDriver" finished-at="2023-09-08T14:31:24 EET" duration-ms="708" status="PASS">
          <params>
            <param index="0">
              <value>
                <![CDATA[chrome]]>
              </value>
            </param>
          </params>
          <reporter-output>
          </reporter-output>
        </test-method> <!-- setupDriver -->
        <test-method signature="product_add_to_cart()[pri:0, instance:tests.InternalProductPageTests@7d0614f]" started-at="2023-09-08T14:31:24 EET" name="product_add_to_cart" finished-at="2023-09-08T14:31:27 EET" duration-ms="2587" status="PASS">
          <reporter-output>
          </reporter-output>
        </test-method> <!-- product_add_to_cart -->
        <test-method is-config="true" signature="closeBrowser()[pri:0, instance:tests.InternalProductPageTests@7d0614f]" started-at="2023-09-08T14:31:27 EET" name="closeBrowser" finished-at="2023-09-08T14:31:27 EET" duration-ms="119" status="PASS">
          <reporter-output>
          </reporter-output>
        </test-method> <!-- closeBrowser -->
        <test-method is-config="true" signature="setupDriver(java.lang.String)[pri:0, instance:tests.InternalProductPageTests@7d0614f]" started-at="2023-09-08T14:31:27 EET" name="setupDriver" finished-at="2023-09-08T14:31:27 EET" duration-ms="694" status="PASS">
          <params>
            <param index="0">
              <value>
                <![CDATA[chrome]]>
              </value>
            </param>
          </params>
          <reporter-output>
          </reporter-output>
        </test-method> <!-- setupDriver -->
        <test-method signature="product_write_review()[pri:0, instance:tests.InternalProductPageTests@7d0614f]" started-at="2023-09-08T14:31:27 EET" name="product_write_review" finished-at="2023-09-08T14:31:30 EET" duration-ms="2992" status="PASS">
          <reporter-output>
          </reporter-output>
        </test-method> <!-- product_write_review -->
        <test-method is-config="true" signature="closeBrowser()[pri:0, instance:tests.InternalProductPageTests@7d0614f]" started-at="2023-09-08T14:31:30 EET" name="closeBrowser" finished-at="2023-09-08T14:31:31 EET" duration-ms="110" status="PASS">
          <reporter-output>
          </reporter-output>
        </test-method> <!-- closeBrowser -->
      </class> <!-- tests.InternalProductPageTests -->
      <class name="tests.ContactUsTests">
        <test-method is-config="true" signature="setupDriver(java.lang.String)[pri:0, instance:tests.ContactUsTests@5c10285a]" started-at="2023-09-08T14:31:37 EET" name="setupDriver" finished-at="2023-09-08T14:31:38 EET" duration-ms="670" status="PASS">
          <params>
            <param index="0">
              <value>
                <![CDATA[chrome]]>
              </value>
            </param>
          </params>
          <reporter-output>
          </reporter-output>
        </test-method> <!-- setupDriver -->
        <test-method signature="send_message()[pri:0, instance:tests.ContactUsTests@5c10285a]" started-at="2023-09-08T14:31:38 EET" name="send_message" finished-at="2023-09-08T14:31:41 EET" duration-ms="2367" status="PASS">
          <reporter-output>
          </reporter-output>
        </test-method> <!-- send_message -->
        <test-method is-config="true" signature="closeBrowser()[pri:0, instance:tests.ContactUsTests@5c10285a]" started-at="2023-09-08T14:31:41 EET" name="closeBrowser" finished-at="2023-09-08T14:31:41 EET" duration-ms="79" status="PASS">
          <reporter-output>
          </reporter-output>
        </test-method> <!-- closeBrowser -->
        <test-method is-config="true" signature="setupDriver(java.lang.String)[pri:0, instance:tests.ContactUsTests@5c10285a]" started-at="2023-09-08T14:31:41 EET" name="setupDriver" finished-at="2023-09-08T14:31:41 EET" duration-ms="670" status="PASS">
          <params>
            <param index="0">
              <value>
                <![CDATA[chrome]]>
              </value>
            </param>
          </params>
          <reporter-output>
          </reporter-output>
        </test-method> <!-- setupDriver -->
        <test-method signature="wrong_info_contacting(java.lang.String,java.lang.String,java.lang.String,java.lang.String)[pri:0, instance:tests.ContactUsTests@5c10285a]" started-at="2023-09-08T14:31:41 EET" name="wrong_info_contacting" data-provider="invalid_Data" finished-at="2023-09-08T14:31:44 EET" duration-ms="2312" status="PASS">
          <params>
            <param index="0">
              <value>
                <![CDATA[]]>
              </value>
            </param>
            <param index="1">
              <value>
                <![CDATA[sh@sh.com]]>
              </value>
            </param>
            <param index="2">
              <value>
                <![CDATA[ur products are shit]]>
              </value>
            </param>
            <param index="3">
              <value>
                <![CDATA[Name must be between 3 and 32 characters!]]>
              </value>
            </param>
          </params>
          <reporter-output>
          </reporter-output>
        </test-method> <!-- wrong_info_contacting -->
        <test-method is-config="true" signature="closeBrowser()[pri:0, instance:tests.ContactUsTests@5c10285a]" started-at="2023-09-08T14:31:44 EET" name="closeBrowser" finished-at="2023-09-08T14:31:44 EET" duration-ms="119" status="PASS">
          <reporter-output>
          </reporter-output>
        </test-method> <!-- closeBrowser -->
        <test-method is-config="true" signature="setupDriver(java.lang.String)[pri:0, instance:tests.ContactUsTests@5c10285a]" started-at="2023-09-08T14:31:44 EET" name="setupDriver" finished-at="2023-09-08T14:31:44 EET" duration-ms="685" status="PASS">
          <params>
            <param index="0">
              <value>
                <![CDATA[chrome]]>
              </value>
            </param>
          </params>
          <reporter-output>
          </reporter-output>
        </test-method> <!-- setupDriver -->
        <test-method signature="wrong_info_contacting(java.lang.String,java.lang.String,java.lang.String,java.lang.String)[pri:0, instance:tests.ContactUsTests@5c10285a]" started-at="2023-09-08T14:31:44 EET" name="wrong_info_contacting" data-provider="invalid_Data" finished-at="2023-09-08T14:31:47 EET" duration-ms="2841" status="PASS">
          <params>
            <param index="0">
              <value>
                <![CDATA[salah]]>
              </value>
            </param>
            <param index="1">
              <value>
                <![CDATA[]]>
              </value>
            </param>
            <param index="2">
              <value>
                <![CDATA[ur products are shit]]>
              </value>
            </param>
            <param index="3">
              <value>
                <![CDATA[E-Mail Address does not appear to be valid!]]>
              </value>
            </param>
          </params>
          <reporter-output>
          </reporter-output>
        </test-method> <!-- wrong_info_contacting -->
        <test-method is-config="true" signature="closeBrowser()[pri:0, instance:tests.ContactUsTests@5c10285a]" started-at="2023-09-08T14:31:47 EET" name="closeBrowser" finished-at="2023-09-08T14:31:47 EET" duration-ms="96" status="PASS">
          <reporter-output>
          </reporter-output>
        </test-method> <!-- closeBrowser -->
        <test-method is-config="true" signature="setupDriver(java.lang.String)[pri:0, instance:tests.ContactUsTests@5c10285a]" started-at="2023-09-08T14:31:47 EET" name="setupDriver" finished-at="2023-09-08T14:31:48 EET" duration-ms="609" status="PASS">
          <params>
            <param index="0">
              <value>
                <![CDATA[chrome]]>
              </value>
            </param>
          </params>
          <reporter-output>
          </reporter-output>
        </test-method> <!-- setupDriver -->
        <test-method signature="wrong_info_contacting(java.lang.String,java.lang.String,java.lang.String,java.lang.String)[pri:0, instance:tests.ContactUsTests@5c10285a]" started-at="2023-09-08T14:31:48 EET" name="wrong_info_contacting" data-provider="invalid_Data" finished-at="2023-09-08T14:31:50 EET" duration-ms="2354" status="PASS">
          <params>
            <param index="0">
              <value>
                <![CDATA[salah]]>
              </value>
            </param>
            <param index="1">
              <value>
                <![CDATA[sh@sh.com]]>
              </value>
            </param>
            <param index="2">
              <value>
                <![CDATA[]]>
              </value>
            </param>
            <param index="3">
              <value>
                <![CDATA[Enquiry must be between 10 and 3000 characters!]]>
              </value>
            </param>
          </params>
          <reporter-output>
          </reporter-output>
        </test-method> <!-- wrong_info_contacting -->
        <test-method is-config="true" signature="closeBrowser()[pri:0, instance:tests.ContactUsTests@5c10285a]" started-at="2023-09-08T14:31:50 EET" name="closeBrowser" finished-at="2023-09-08T14:31:50 EET" duration-ms="118" status="PASS">
          <reporter-output>
          </reporter-output>
        </test-method> <!-- closeBrowser -->
      </class> <!-- tests.ContactUsTests -->
      <class name="tests.FooterTests">
        <test-method is-config="true" signature="setupDriver(java.lang.String)[pri:0, instance:tests.FooterTests@627d8516]" started-at="2023-09-08T14:31:31 EET" name="setupDriver" finished-at="2023-09-08T14:31:31 EET" duration-ms="688" status="PASS">
          <params>
            <param index="0">
              <value>
                <![CDATA[chrome]]>
              </value>
            </param>
          </params>
          <reporter-output>
          </reporter-output>
        </test-method> <!-- setupDriver -->
        <test-method signature="check_about_us_link()[pri:0, instance:tests.FooterTests@627d8516]" started-at="2023-09-08T14:31:31 EET" name="check_about_us_link" finished-at="2023-09-08T14:31:33 EET" duration-ms="1506" status="PASS">
          <reporter-output>
          </reporter-output>
        </test-method> <!-- check_about_us_link -->
        <test-method is-config="true" signature="closeBrowser()[pri:0, instance:tests.FooterTests@627d8516]" started-at="2023-09-08T14:31:33 EET" name="closeBrowser" finished-at="2023-09-08T14:31:33 EET" duration-ms="92" status="PASS">
          <reporter-output>
          </reporter-output>
        </test-method> <!-- closeBrowser -->
        <test-method is-config="true" signature="setupDriver(java.lang.String)[pri:0, instance:tests.FooterTests@627d8516]" started-at="2023-09-08T14:31:33 EET" name="setupDriver" finished-at="2023-09-08T14:31:33 EET" duration-ms="630" status="PASS">
          <params>
            <param index="0">
              <value>
                <![CDATA[chrome]]>
              </value>
            </param>
          </params>
          <reporter-output>
          </reporter-output>
        </test-method> <!-- setupDriver -->
        <test-method signature="check_avout_us_link()[pri:0, instance:tests.FooterTests@627d8516]" started-at="2023-09-08T14:31:33 EET" name="check_avout_us_link" finished-at="2023-09-08T14:31:35 EET" duration-ms="1810" status="PASS">
          <reporter-output>
          </reporter-output>
        </test-method> <!-- check_avout_us_link -->
        <test-method is-config="true" signature="closeBrowser()[pri:0, instance:tests.FooterTests@627d8516]" started-at="2023-09-08T14:31:35 EET" name="closeBrowser" finished-at="2023-09-08T14:31:35 EET" duration-ms="63" status="PASS">
          <reporter-output>
          </reporter-output>
        </test-method> <!-- closeBrowser -->
        <test-method is-config="true" signature="setupDriver(java.lang.String)[pri:0, instance:tests.FooterTests@627d8516]" started-at="2023-09-08T14:31:35 EET" name="setupDriver" finished-at="2023-09-08T14:31:36 EET" duration-ms="668" status="PASS">
          <params>
            <param index="0">
              <value>
                <![CDATA[chrome]]>
              </value>
            </param>
          </params>
          <reporter-output>
          </reporter-output>
        </test-method> <!-- setupDriver -->
        <test-method signature="check_contact_us_link()[pri:0, instance:tests.FooterTests@627d8516]" started-at="2023-09-08T14:31:36 EET" name="check_contact_us_link" finished-at="2023-09-08T14:31:37 EET" duration-ms="1333" status="PASS">
          <reporter-output>
          </reporter-output>
        </test-method> <!-- check_contact_us_link -->
        <test-method is-config="true" signature="closeBrowser()[pri:0, instance:tests.FooterTests@627d8516]" started-at="2023-09-08T14:31:37 EET" name="closeBrowser" finished-at="2023-09-08T14:31:37 EET" duration-ms="121" status="PASS">
          <reporter-output>
          </reporter-output>
        </test-method> <!-- closeBrowser -->
      </class> <!-- tests.FooterTests -->
      <class name="tests.RegisterTests">
        <test-method is-config="true" signature="setupDriver(java.lang.String)[pri:0, instance:tests.RegisterTests@61e3cf4d]" started-at="2023-09-08T14:31:59 EET" name="setupDriver" finished-at="2023-09-08T14:31:59 EET" duration-ms="619" status="PASS">
          <params>
            <param index="0">
              <value>
                <![CDATA[chrome]]>
              </value>
            </param>
          </params>
          <reporter-output>
          </reporter-output>
        </test-method> <!-- setupDriver -->
        <test-method signature="successful_register()[pri:0, instance:tests.RegisterTests@61e3cf4d]" started-at="2023-09-08T14:31:59 EET" name="successful_register" finished-at="2023-09-08T14:32:02 EET" duration-ms="2590" status="PASS">
          <reporter-output>
          </reporter-output>
        </test-method> <!-- successful_register -->
        <test-method is-config="true" signature="closeBrowser()[pri:0, instance:tests.RegisterTests@61e3cf4d]" started-at="2023-09-08T14:32:02 EET" name="closeBrowser" finished-at="2023-09-08T14:32:02 EET" duration-ms="97" status="PASS">
          <reporter-output>
          </reporter-output>
        </test-method> <!-- closeBrowser -->
        <test-method is-config="true" signature="setupDriver(java.lang.String)[pri:0, instance:tests.RegisterTests@61e3cf4d]" started-at="2023-09-08T14:32:02 EET" name="setupDriver" finished-at="2023-09-08T14:32:03 EET" duration-ms="609" status="PASS">
          <params>
            <param index="0">
              <value>
                <![CDATA[chrome]]>
              </value>
            </param>
          </params>
          <reporter-output>
          </reporter-output>
        </test-method> <!-- setupDriver -->
        <test-method signature="unsuccessful_register()[pri:0, instance:tests.RegisterTests@61e3cf4d]" started-at="2023-09-08T14:32:03 EET" name="unsuccessful_register" finished-at="2023-09-08T14:32:05 EET" duration-ms="2172" status="PASS">
          <reporter-output>
          </reporter-output>
        </test-method> <!-- unsuccessful_register -->
        <test-method is-config="true" signature="closeBrowser()[pri:0, instance:tests.RegisterTests@61e3cf4d]" started-at="2023-09-08T14:32:05 EET" name="closeBrowser" finished-at="2023-09-08T14:32:05 EET" duration-ms="121" status="PASS">
          <reporter-output>
          </reporter-output>
        </test-method> <!-- closeBrowser -->
      </class> <!-- tests.RegisterTests -->
      <class name="tests.HomePageTests">
        <test-method is-config="true" signature="setupDriver(java.lang.String)[pri:0, instance:tests.HomePageTests@4eb30d44]" started-at="2023-09-08T14:31:09 EET" name="setupDriver" finished-at="2023-09-08T14:31:13 EET" duration-ms="3727" status="PASS">
          <params>
            <param index="0">
              <value>
                <![CDATA[chrome]]>
              </value>
            </param>
          </params>
          <reporter-output>
          </reporter-output>
        </test-method> <!-- setupDriver -->
        <test-method signature="checking_desktops_sublink()[pri:0, instance:tests.HomePageTests@4eb30d44]" started-at="2023-09-08T14:31:13 EET" name="checking_desktops_sublink" finished-at="2023-09-08T14:31:15 EET" duration-ms="1966" status="PASS">
          <reporter-output>
          </reporter-output>
        </test-method> <!-- checking_desktops_sublink -->
        <test-method is-config="true" signature="closeBrowser()[pri:0, instance:tests.HomePageTests@4eb30d44]" started-at="2023-09-08T14:31:15 EET" name="closeBrowser" finished-at="2023-09-08T14:31:15 EET" duration-ms="126" status="PASS">
          <reporter-output>
          </reporter-output>
        </test-method> <!-- closeBrowser -->
        <test-method is-config="true" signature="setupDriver(java.lang.String)[pri:0, instance:tests.HomePageTests@4eb30d44]" started-at="2023-09-08T14:31:15 EET" name="setupDriver" finished-at="2023-09-08T14:31:16 EET" duration-ms="691" status="PASS">
          <params>
            <param index="0">
              <value>
                <![CDATA[chrome]]>
              </value>
            </param>
          </params>
          <reporter-output>
          </reporter-output>
        </test-method> <!-- setupDriver -->
        <test-method signature="checking_next_page_aarow()[pri:0, instance:tests.HomePageTests@4eb30d44]" started-at="2023-09-08T14:31:16 EET" name="checking_next_page_aarow" finished-at="2023-09-08T14:31:17 EET" duration-ms="1785" status="PASS">
          <reporter-output>
          </reporter-output>
        </test-method> <!-- checking_next_page_aarow -->
        <test-method is-config="true" signature="closeBrowser()[pri:0, instance:tests.HomePageTests@4eb30d44]" started-at="2023-09-08T14:31:17 EET" name="closeBrowser" finished-at="2023-09-08T14:31:18 EET" duration-ms="123" status="PASS">
          <reporter-output>
          </reporter-output>
        </test-method> <!-- closeBrowser -->
        <test-method is-config="true" signature="setupDriver(java.lang.String)[pri:0, instance:tests.HomePageTests@4eb30d44]" started-at="2023-09-08T14:31:18 EET" name="setupDriver" finished-at="2023-09-08T14:31:18 EET" duration-ms="686" status="PASS">
          <params>
            <param index="0">
              <value>
                <![CDATA[chrome]]>
              </value>
            </param>
          </params>
          <reporter-output>
          </reporter-output>
        </test-method> <!-- setupDriver -->
        <test-method signature="checking_tablets_link()[pri:0, instance:tests.HomePageTests@4eb30d44]" started-at="2023-09-08T14:31:18 EET" name="checking_tablets_link" finished-at="2023-09-08T14:31:20 EET" duration-ms="1614" status="PASS">
          <reporter-output>
          </reporter-output>
        </test-method> <!-- checking_tablets_link -->
        <test-method is-config="true" signature="closeBrowser()[pri:0, instance:tests.HomePageTests@4eb30d44]" started-at="2023-09-08T14:31:20 EET" name="closeBrowser" finished-at="2023-09-08T14:31:20 EET" duration-ms="120" status="PASS">
          <reporter-output>
          </reporter-output>
        </test-method> <!-- closeBrowser -->
      </class> <!-- tests.HomePageTests -->
      <class name="tests.InventoryTests">
        <test-method is-config="true" signature="setupDriver(java.lang.String)[pri:0, instance:tests.InventoryTests@6b667cb3]" started-at="2023-09-08T14:31:50 EET" name="setupDriver" finished-at="2023-09-08T14:31:51 EET" duration-ms="684" status="PASS">
          <params>
            <param index="0">
              <value>
                <![CDATA[chrome]]>
              </value>
            </param>
          </params>
          <reporter-output>
          </reporter-output>
        </test-method> <!-- setupDriver -->
        <test-method signature="checkin_limit_functionality()[pri:0, instance:tests.InventoryTests@6b667cb3]" started-at="2023-09-08T14:31:51 EET" name="checkin_limit_functionality" finished-at="2023-09-08T14:31:53 EET" duration-ms="2063" status="PASS">
          <reporter-output>
          </reporter-output>
        </test-method> <!-- checkin_limit_functionality -->
        <test-method is-config="true" signature="closeBrowser()[pri:0, instance:tests.InventoryTests@6b667cb3]" started-at="2023-09-08T14:31:53 EET" name="closeBrowser" finished-at="2023-09-08T14:31:53 EET" duration-ms="98" status="PASS">
          <reporter-output>
          </reporter-output>
        </test-method> <!-- closeBrowser -->
        <test-method is-config="true" signature="setupDriver(java.lang.String)[pri:0, instance:tests.InventoryTests@6b667cb3]" started-at="2023-09-08T14:31:53 EET" name="setupDriver" finished-at="2023-09-08T14:31:54 EET" duration-ms="687" status="PASS">
          <params>
            <param index="0">
              <value>
                <![CDATA[chrome]]>
              </value>
            </param>
          </params>
          <reporter-output>
          </reporter-output>
        </test-method> <!-- setupDriver -->
        <test-method signature="checkin_sorting_functionality()[pri:0, instance:tests.InventoryTests@6b667cb3]" started-at="2023-09-08T14:31:54 EET" name="checkin_sorting_functionality" finished-at="2023-09-08T14:31:56 EET" duration-ms="2092" status="PASS">
          <reporter-output>
          </reporter-output>
        </test-method> <!-- checkin_sorting_functionality -->
        <test-method is-config="true" signature="closeBrowser()[pri:0, instance:tests.InventoryTests@6b667cb3]" started-at="2023-09-08T14:31:56 EET" name="closeBrowser" finished-at="2023-09-08T14:31:56 EET" duration-ms="120" status="PASS">
          <reporter-output>
          </reporter-output>
        </test-method> <!-- closeBrowser -->
      </class> <!-- tests.InventoryTests -->
    </test> <!-- Test -->
    <test started-at="2023-09-08T14:32:05 EET" name="Test2" finished-at="2023-09-08T14:33:36 EET" duration-ms="91436">
      <class name="tests.LoginTests">
        <test-method is-config="true" signature="setupDriver(java.lang.String)[pri:0, instance:tests.LoginTests@1023150a]" started-at="2023-09-08T14:33:21 EET" name="setupDriver" finished-at="2023-09-08T14:33:23 EET" duration-ms="2242" status="PASS">
          <params>
            <param index="0">
              <value>
                <![CDATA[firefox]]>
              </value>
            </param>
          </params>
          <reporter-output>
          </reporter-output>
        </test-method> <!-- setupDriver -->
        <test-method signature="unsuccessful_login()[pri:0, instance:tests.LoginTests@1023150a]" started-at="2023-09-08T14:33:23 EET" name="unsuccessful_login" finished-at="2023-09-08T14:33:25 EET" duration-ms="1944" status="PASS">
          <reporter-output>
          </reporter-output>
        </test-method> <!-- unsuccessful_login -->
        <test-method is-config="true" signature="closeBrowser()[pri:0, instance:tests.LoginTests@1023150a]" started-at="2023-09-08T14:33:25 EET" name="closeBrowser" finished-at="2023-09-08T14:33:26 EET" duration-ms="733" status="PASS">
          <reporter-output>
          </reporter-output>
        </test-method> <!-- closeBrowser -->
      </class> <!-- tests.LoginTests -->
      <class name="tests.InternalProductPageTests">
        <test-method is-config="true" signature="setupDriver(java.lang.String)[pri:0, instance:tests.InternalProductPageTests@2e1af49b]" started-at="2023-09-08T14:32:19 EET" name="setupDriver" finished-at="2023-09-08T14:32:22 EET" duration-ms="2138" status="PASS">
          <params>
            <param index="0">
              <value>
                <![CDATA[firefox]]>
              </value>
            </param>
          </params>
          <reporter-output>
          </reporter-output>
        </test-method> <!-- setupDriver -->
        <test-method signature="change_quantity()[pri:0, instance:tests.InternalProductPageTests@2e1af49b]" started-at="2023-09-08T14:32:22 EET" name="change_quantity" finished-at="2023-09-08T14:32:24 EET" duration-ms="2245" status="PASS">
          <reporter-output>
          </reporter-output>
        </test-method> <!-- change_quantity -->
        <test-method is-config="true" signature="closeBrowser()[pri:0, instance:tests.InternalProductPageTests@2e1af49b]" started-at="2023-09-08T14:32:24 EET" name="closeBrowser" finished-at="2023-09-08T14:32:24 EET" duration-ms="686" status="PASS">
          <reporter-output>
          </reporter-output>
        </test-method> <!-- closeBrowser -->
        <test-method is-config="true" signature="setupDriver(java.lang.String)[pri:0, instance:tests.InternalProductPageTests@2e1af49b]" started-at="2023-09-08T14:32:24 EET" name="setupDriver" finished-at="2023-09-08T14:32:27 EET" duration-ms="2165" status="PASS">
          <params>
            <param index="0">
              <value>
                <![CDATA[firefox]]>
              </value>
            </param>
          </params>
          <reporter-output>
          </reporter-output>
        </test-method> <!-- setupDriver -->
        <test-method signature="product_add_to_cart()[pri:0, instance:tests.InternalProductPageTests@2e1af49b]" started-at="2023-09-08T14:32:27 EET" name="product_add_to_cart" finished-at="2023-09-08T14:32:29 EET" duration-ms="2851" status="PASS">
          <reporter-output>
          </reporter-output>
        </test-method> <!-- product_add_to_cart -->
        <test-method is-config="true" signature="closeBrowser()[pri:0, instance:tests.InternalProductPageTests@2e1af49b]" started-at="2023-09-08T14:32:29 EET" name="closeBrowser" finished-at="2023-09-08T14:32:30 EET" duration-ms="751" status="PASS">
          <reporter-output>
          </reporter-output>
        </test-method> <!-- closeBrowser -->
        <test-method is-config="true" signature="setupDriver(java.lang.String)[pri:0, instance:tests.InternalProductPageTests@2e1af49b]" started-at="2023-09-08T14:32:30 EET" name="setupDriver" finished-at="2023-09-08T14:32:32 EET" duration-ms="2180" status="PASS">
          <params>
            <param index="0">
              <value>
                <![CDATA[firefox]]>
              </value>
            </param>
          </params>
          <reporter-output>
          </reporter-output>
        </test-method> <!-- setupDriver -->
        <test-method signature="product_write_review()[pri:0, instance:tests.InternalProductPageTests@2e1af49b]" started-at="2023-09-08T14:32:32 EET" name="product_write_review" finished-at="2023-09-08T14:32:36 EET" duration-ms="3580" status="PASS">
          <reporter-output>
          </reporter-output>
        </test-method> <!-- product_write_review -->
        <test-method is-config="true" signature="closeBrowser()[pri:0, instance:tests.InternalProductPageTests@2e1af49b]" started-at="2023-09-08T14:32:36 EET" name="closeBrowser" finished-at="2023-09-08T14:32:37 EET" duration-ms="768" status="PASS">
          <reporter-output>
          </reporter-output>
        </test-method> <!-- closeBrowser -->
      </class> <!-- tests.InternalProductPageTests -->
      <class name="tests.ContactUsTests">
        <test-method is-config="true" signature="setupDriver(java.lang.String)[pri:0, instance:tests.ContactUsTests@56ac5c80]" started-at="2023-09-08T14:32:50 EET" name="setupDriver" finished-at="2023-09-08T14:32:52 EET" duration-ms="1889" status="PASS">
          <params>
            <param index="0">
              <value>
                <![CDATA[firefox]]>
              </value>
            </param>
          </params>
          <reporter-output>
          </reporter-output>
        </test-method> <!-- setupDriver -->
        <test-method signature="send_message()[pri:0, instance:tests.ContactUsTests@56ac5c80]" started-at="2023-09-08T14:32:52 EET" name="send_message" finished-at="2023-09-08T14:32:54 EET" duration-ms="2507" status="PASS">
          <reporter-output>
          </reporter-output>
        </test-method> <!-- send_message -->
        <test-method is-config="true" signature="closeBrowser()[pri:0, instance:tests.ContactUsTests@56ac5c80]" started-at="2023-09-08T14:32:54 EET" name="closeBrowser" finished-at="2023-09-08T14:32:55 EET" duration-ms="663" status="PASS">
          <reporter-output>
          </reporter-output>
        </test-method> <!-- closeBrowser -->
        <test-method is-config="true" signature="setupDriver(java.lang.String)[pri:0, instance:tests.ContactUsTests@56ac5c80]" started-at="2023-09-08T14:32:55 EET" name="setupDriver" finished-at="2023-09-08T14:32:57 EET" duration-ms="2142" status="PASS">
          <params>
            <param index="0">
              <value>
                <![CDATA[firefox]]>
              </value>
            </param>
          </params>
          <reporter-output>
          </reporter-output>
        </test-method> <!-- setupDriver -->
        <test-method signature="wrong_info_contacting(java.lang.String,java.lang.String,java.lang.String,java.lang.String)[pri:0, instance:tests.ContactUsTests@56ac5c80]" started-at="2023-09-08T14:32:57 EET" name="wrong_info_contacting" data-provider="invalid_Data" finished-at="2023-09-08T14:33:00 EET" duration-ms="2395" status="PASS">
          <params>
            <param index="0">
              <value>
                <![CDATA[]]>
              </value>
            </param>
            <param index="1">
              <value>
                <![CDATA[sh@sh.com]]>
              </value>
            </param>
            <param index="2">
              <value>
                <![CDATA[ur products are shit]]>
              </value>
            </param>
            <param index="3">
              <value>
                <![CDATA[Name must be between 3 and 32 characters!]]>
              </value>
            </param>
          </params>
          <reporter-output>
          </reporter-output>
        </test-method> <!-- wrong_info_contacting -->
        <test-method is-config="true" signature="closeBrowser()[pri:0, instance:tests.ContactUsTests@56ac5c80]" started-at="2023-09-08T14:33:00 EET" name="closeBrowser" finished-at="2023-09-08T14:33:00 EET" duration-ms="769" status="PASS">
          <reporter-output>
          </reporter-output>
        </test-method> <!-- closeBrowser -->
        <test-method is-config="true" signature="setupDriver(java.lang.String)[pri:0, instance:tests.ContactUsTests@56ac5c80]" started-at="2023-09-08T14:33:00 EET" name="setupDriver" finished-at="2023-09-08T14:33:02 EET" duration-ms="1890" status="PASS">
          <params>
            <param index="0">
              <value>
                <![CDATA[firefox]]>
              </value>
            </param>
          </params>
          <reporter-output>
          </reporter-output>
        </test-method> <!-- setupDriver -->
        <test-method signature="wrong_info_contacting(java.lang.String,java.lang.String,java.lang.String,java.lang.String)[pri:0, instance:tests.ContactUsTests@56ac5c80]" started-at="2023-09-08T14:33:02 EET" name="wrong_info_contacting" data-provider="invalid_Data" finished-at="2023-09-08T14:33:05 EET" duration-ms="2472" status="PASS">
          <params>
            <param index="0">
              <value>
                <![CDATA[salah]]>
              </value>
            </param>
            <param index="1">
              <value>
                <![CDATA[]]>
              </value>
            </param>
            <param index="2">
              <value>
                <![CDATA[ur products are shit]]>
              </value>
            </param>
            <param index="3">
              <value>
                <![CDATA[E-Mail Address does not appear to be valid!]]>
              </value>
            </param>
          </params>
          <reporter-output>
          </reporter-output>
        </test-method> <!-- wrong_info_contacting -->
        <test-method is-config="true" signature="closeBrowser()[pri:0, instance:tests.ContactUsTests@56ac5c80]" started-at="2023-09-08T14:33:05 EET" name="closeBrowser" finished-at="2023-09-08T14:33:06 EET" duration-ms="752" status="PASS">
          <reporter-output>
          </reporter-output>
        </test-method> <!-- closeBrowser -->
        <test-method is-config="true" signature="setupDriver(java.lang.String)[pri:0, instance:tests.ContactUsTests@56ac5c80]" started-at="2023-09-08T14:33:06 EET" name="setupDriver" finished-at="2023-09-08T14:33:08 EET" duration-ms="2147" status="PASS">
          <params>
            <param index="0">
              <value>
                <![CDATA[firefox]]>
              </value>
            </param>
          </params>
          <reporter-output>
          </reporter-output>
        </test-method> <!-- setupDriver -->
        <test-method signature="wrong_info_contacting(java.lang.String,java.lang.String,java.lang.String,java.lang.String)[pri:0, instance:tests.ContactUsTests@56ac5c80]" started-at="2023-09-08T14:33:08 EET" name="wrong_info_contacting" data-provider="invalid_Data" finished-at="2023-09-08T14:33:10 EET" duration-ms="2461" status="PASS">
          <params>
            <param index="0">
              <value>
                <![CDATA[salah]]>
              </value>
            </param>
            <param index="1">
              <value>
                <![CDATA[sh@sh.com]]>
              </value>
            </param>
            <param index="2">
              <value>
                <![CDATA[]]>
              </value>
            </param>
            <param index="3">
              <value>
                <![CDATA[Enquiry must be between 10 and 3000 characters!]]>
              </value>
            </param>
          </params>
          <reporter-output>
          </reporter-output>
        </test-method> <!-- wrong_info_contacting -->
        <test-method is-config="true" signature="closeBrowser()[pri:0, instance:tests.ContactUsTests@56ac5c80]" started-at="2023-09-08T14:33:10 EET" name="closeBrowser" finished-at="2023-09-08T14:33:11 EET" duration-ms="768" status="PASS">
          <reporter-output>
          </reporter-output>
        </test-method> <!-- closeBrowser -->
      </class> <!-- tests.ContactUsTests -->
      <class name="tests.FooterTests">
        <test-method is-config="true" signature="setupDriver(java.lang.String)[pri:0, instance:tests.FooterTests@3fd2322d]" started-at="2023-09-08T14:32:37 EET" name="setupDriver" finished-at="2023-09-08T14:32:39 EET" duration-ms="2132" status="PASS">
          <params>
            <param index="0">
              <value>
                <![CDATA[firefox]]>
              </value>
            </param>
          </params>
          <reporter-output>
          </reporter-output>
        </test-method> <!-- setupDriver -->
        <test-method signature="check_about_us_link()[pri:0, instance:tests.FooterTests@3fd2322d]" started-at="2023-09-08T14:32:39 EET" name="check_about_us_link" finished-at="2023-09-08T14:32:40 EET" duration-ms="1239" status="PASS">
          <reporter-output>
          </reporter-output>
        </test-method> <!-- check_about_us_link -->
        <test-method is-config="true" signature="closeBrowser()[pri:0, instance:tests.FooterTests@3fd2322d]" started-at="2023-09-08T14:32:40 EET" name="closeBrowser" finished-at="2023-09-08T14:32:41 EET" duration-ms="740" status="PASS">
          <reporter-output>
          </reporter-output>
        </test-method> <!-- closeBrowser -->
        <test-method is-config="true" signature="setupDriver(java.lang.String)[pri:0, instance:tests.FooterTests@3fd2322d]" started-at="2023-09-08T14:32:41 EET" name="setupDriver" finished-at="2023-09-08T14:32:43 EET" duration-ms="2141" status="PASS">
          <params>
            <param index="0">
              <value>
                <![CDATA[firefox]]>
              </value>
            </param>
          </params>
          <reporter-output>
          </reporter-output>
        </test-method> <!-- setupDriver -->
        <test-method signature="check_avout_us_link()[pri:0, instance:tests.FooterTests@3fd2322d]" started-at="2023-09-08T14:32:43 EET" name="check_avout_us_link" finished-at="2023-09-08T14:32:45 EET" duration-ms="1657" status="PASS">
          <reporter-output>
          </reporter-output>
        </test-method> <!-- check_avout_us_link -->
        <test-method is-config="true" signature="closeBrowser()[pri:0, instance:tests.FooterTests@3fd2322d]" started-at="2023-09-08T14:32:45 EET" name="closeBrowser" finished-at="2023-09-08T14:32:45 EET" duration-ms="655" status="PASS">
          <reporter-output>
          </reporter-output>
        </test-method> <!-- closeBrowser -->
        <test-method is-config="true" signature="setupDriver(java.lang.String)[pri:0, instance:tests.FooterTests@3fd2322d]" started-at="2023-09-08T14:32:45 EET" name="setupDriver" finished-at="2023-09-08T14:32:48 EET" duration-ms="2279" status="PASS">
          <params>
            <param index="0">
              <value>
                <![CDATA[firefox]]>
              </value>
            </param>
          </params>
          <reporter-output>
          </reporter-output>
        </test-method> <!-- setupDriver -->
        <test-method signature="check_contact_us_link()[pri:0, instance:tests.FooterTests@3fd2322d]" started-at="2023-09-08T14:32:48 EET" name="check_contact_us_link" finished-at="2023-09-08T14:32:49 EET" duration-ms="1817" status="PASS">
          <reporter-output>
          </reporter-output>
        </test-method> <!-- check_contact_us_link -->
        <test-method is-config="true" signature="closeBrowser()[pri:0, instance:tests.FooterTests@3fd2322d]" started-at="2023-09-08T14:32:49 EET" name="closeBrowser" finished-at="2023-09-08T14:32:50 EET" duration-ms="664" status="PASS">
          <reporter-output>
          </reporter-output>
        </test-method> <!-- closeBrowser -->
      </class> <!-- tests.FooterTests -->
      <class name="tests.RegisterTests">
        <test-method is-config="true" signature="setupDriver(java.lang.String)[pri:0, instance:tests.RegisterTests@3ece1e79]" started-at="2023-09-08T14:33:26 EET" name="setupDriver" finished-at="2023-09-08T14:33:28 EET" duration-ms="1945" status="PASS">
          <params>
            <param index="0">
              <value>
                <![CDATA[firefox]]>
              </value>
            </param>
          </params>
          <reporter-output>
          </reporter-output>
        </test-method> <!-- setupDriver -->
        <test-method signature="successful_register()[pri:0, instance:tests.RegisterTests@3ece1e79]" started-at="2023-09-08T14:33:28 EET" name="successful_register" finished-at="2023-09-08T14:33:30 EET" duration-ms="2516" status="PASS">
          <reporter-output>
          </reporter-output>
        </test-method> <!-- successful_register -->
        <test-method is-config="true" signature="closeBrowser()[pri:0, instance:tests.RegisterTests@3ece1e79]" started-at="2023-09-08T14:33:30 EET" name="closeBrowser" finished-at="2023-09-08T14:33:31 EET" duration-ms="661" status="PASS">
          <reporter-output>
          </reporter-output>
        </test-method> <!-- closeBrowser -->
        <test-method is-config="true" signature="setupDriver(java.lang.String)[pri:0, instance:tests.RegisterTests@3ece1e79]" started-at="2023-09-08T14:33:31 EET" name="setupDriver" finished-at="2023-09-08T14:33:33 EET" duration-ms="1950" status="PASS">
          <params>
            <param index="0">
              <value>
                <![CDATA[firefox]]>
              </value>
            </param>
          </params>
          <reporter-output>
          </reporter-output>
        </test-method> <!-- setupDriver -->
        <test-method signature="unsuccessful_register()[pri:0, instance:tests.RegisterTests@3ece1e79]" started-at="2023-09-08T14:33:33 EET" name="unsuccessful_register" finished-at="2023-09-08T14:33:36 EET" duration-ms="2551" status="PASS">
          <reporter-output>
          </reporter-output>
        </test-method> <!-- unsuccessful_register -->
        <test-method is-config="true" signature="closeBrowser()[pri:0, instance:tests.RegisterTests@3ece1e79]" started-at="2023-09-08T14:33:36 EET" name="closeBrowser" finished-at="2023-09-08T14:33:36 EET" duration-ms="735" status="PASS">
          <reporter-output>
          </reporter-output>
        </test-method> <!-- closeBrowser -->
      </class> <!-- tests.RegisterTests -->
      <class name="tests.HomePageTests">
        <test-method is-config="true" signature="setupDriver(java.lang.String)[pri:0, instance:tests.HomePageTests@7de843ef]" started-at="2023-09-08T14:32:05 EET" name="setupDriver" finished-at="2023-09-08T14:32:08 EET" duration-ms="2697" status="PASS">
          <params>
            <param index="0">
              <value>
                <![CDATA[firefox]]>
              </value>
            </param>
          </params>
          <reporter-output>
          </reporter-output>
        </test-method> <!-- setupDriver -->
        <test-method signature="checking_desktops_sublink()[pri:0, instance:tests.HomePageTests@7de843ef]" started-at="2023-09-08T14:32:08 EET" name="checking_desktops_sublink" finished-at="2023-09-08T14:32:09 EET" duration-ms="1804" status="PASS">
          <reporter-output>
          </reporter-output>
        </test-method> <!-- checking_desktops_sublink -->
        <test-method is-config="true" signature="closeBrowser()[pri:0, instance:tests.HomePageTests@7de843ef]" started-at="2023-09-08T14:32:09 EET" name="closeBrowser" finished-at="2023-09-08T14:32:10 EET" duration-ms="762" status="PASS">
          <reporter-output>
          </reporter-output>
        </test-method> <!-- closeBrowser -->
        <test-method is-config="true" signature="setupDriver(java.lang.String)[pri:0, instance:tests.HomePageTests@7de843ef]" started-at="2023-09-08T14:32:10 EET" name="setupDriver" finished-at="2023-09-08T14:32:12 EET" duration-ms="2067" status="PASS">
          <params>
            <param index="0">
              <value>
                <![CDATA[firefox]]>
              </value>
            </param>
          </params>
          <reporter-output>
          </reporter-output>
        </test-method> <!-- setupDriver -->
        <test-method signature="checking_next_page_aarow()[pri:0, instance:tests.HomePageTests@7de843ef]" started-at="2023-09-08T14:32:12 EET" name="checking_next_page_aarow" finished-at="2023-09-08T14:32:14 EET" duration-ms="1669" status="PASS">
          <reporter-output>
          </reporter-output>
        </test-method> <!-- checking_next_page_aarow -->
        <test-method is-config="true" signature="closeBrowser()[pri:0, instance:tests.HomePageTests@7de843ef]" started-at="2023-09-08T14:32:14 EET" name="closeBrowser" finished-at="2023-09-08T14:32:15 EET" duration-ms="764" status="PASS">
          <reporter-output>
          </reporter-output>
        </test-method> <!-- closeBrowser -->
        <test-method is-config="true" signature="setupDriver(java.lang.String)[pri:0, instance:tests.HomePageTests@7de843ef]" started-at="2023-09-08T14:32:15 EET" name="setupDriver" finished-at="2023-09-08T14:32:17 EET" duration-ms="2206" status="PASS">
          <params>
            <param index="0">
              <value>
                <![CDATA[firefox]]>
              </value>
            </param>
          </params>
          <reporter-output>
          </reporter-output>
        </test-method> <!-- setupDriver -->
        <test-method signature="checking_tablets_link()[pri:0, instance:tests.HomePageTests@7de843ef]" started-at="2023-09-08T14:32:17 EET" name="checking_tablets_link" finished-at="2023-09-08T14:32:19 EET" duration-ms="1765" status="PASS">
          <reporter-output>
          </reporter-output>
        </test-method> <!-- checking_tablets_link -->
        <test-method is-config="true" signature="closeBrowser()[pri:0, instance:tests.HomePageTests@7de843ef]" started-at="2023-09-08T14:32:19 EET" name="closeBrowser" finished-at="2023-09-08T14:32:19 EET" duration-ms="739" status="PASS">
          <reporter-output>
          </reporter-output>
        </test-method> <!-- closeBrowser -->
      </class> <!-- tests.HomePageTests -->
      <class name="tests.InventoryTests">
        <test-method is-config="true" signature="setupDriver(java.lang.String)[pri:0, instance:tests.InventoryTests@69e49a81]" started-at="2023-09-08T14:33:11 EET" name="setupDriver" finished-at="2023-09-08T14:33:13 EET" duration-ms="2139" status="PASS">
          <params>
            <param index="0">
              <value>
                <![CDATA[firefox]]>
              </value>
            </param>
          </params>
          <reporter-output>
          </reporter-output>
        </test-method> <!-- setupDriver -->
        <test-method signature="checkin_limit_functionality()[pri:0, instance:tests.InventoryTests@69e49a81]" started-at="2023-09-08T14:33:13 EET" name="checkin_limit_functionality" finished-at="2023-09-08T14:33:15 EET" duration-ms="2193" status="PASS">
          <reporter-output>
          </reporter-output>
        </test-method> <!-- checkin_limit_functionality -->
        <test-method is-config="true" signature="closeBrowser()[pri:0, instance:tests.InventoryTests@69e49a81]" started-at="2023-09-08T14:33:15 EET" name="closeBrowser" finished-at="2023-09-08T14:33:16 EET" duration-ms="757" status="PASS">
          <reporter-output>
          </reporter-output>
        </test-method> <!-- closeBrowser -->
        <test-method is-config="true" signature="setupDriver(java.lang.String)[pri:0, instance:tests.InventoryTests@69e49a81]" started-at="2023-09-08T14:33:16 EET" name="setupDriver" finished-at="2023-09-08T14:33:18 EET" duration-ms="2150" status="PASS">
          <params>
            <param index="0">
              <value>
                <![CDATA[firefox]]>
              </value>
            </param>
          </params>
          <reporter-output>
          </reporter-output>
        </test-method> <!-- setupDriver -->
        <test-method signature="checkin_sorting_functionality()[pri:0, instance:tests.InventoryTests@69e49a81]" started-at="2023-09-08T14:33:18 EET" name="checkin_sorting_functionality" finished-at="2023-09-08T14:33:20 EET" duration-ms="2102" status="PASS">
          <reporter-output>
          </reporter-output>
        </test-method> <!-- checkin_sorting_functionality -->
        <test-method is-config="true" signature="closeBrowser()[pri:0, instance:tests.InventoryTests@69e49a81]" started-at="2023-09-08T14:33:20 EET" name="closeBrowser" finished-at="2023-09-08T14:33:21 EET" duration-ms="740" status="PASS">
          <reporter-output>
          </reporter-output>
        </test-method> <!-- closeBrowser -->
      </class> <!-- tests.InventoryTests -->
    </test> <!-- Test2 -->
    <test started-at="2023-09-08T14:33:36 EET" name="Test3" finished-at="2023-09-08T14:34:42 EET" duration-ms="65551">
      <class name="tests.LoginTests">
        <test-method is-config="true" signature="setupDriver(java.lang.String)[pri:0, instance:tests.LoginTests@d5ce97f]" started-at="2023-09-08T14:34:30 EET" name="setupDriver" finished-at="2023-09-08T14:34:31 EET" duration-ms="601" status="PASS">
          <params>
            <param index="0">
              <value>
                <![CDATA[edge]]>
              </value>
            </param>
          </params>
          <reporter-output>
          </reporter-output>
        </test-method> <!-- setupDriver -->
        <test-method signature="unsuccessful_login()[pri:0, instance:tests.LoginTests@d5ce97f]" started-at="2023-09-08T14:34:31 EET" name="unsuccessful_login" finished-at="2023-09-08T14:34:34 EET" duration-ms="2897" status="PASS">
          <reporter-output>
          </reporter-output>
        </test-method> <!-- unsuccessful_login -->
        <test-method is-config="true" signature="closeBrowser()[pri:0, instance:tests.LoginTests@d5ce97f]" started-at="2023-09-08T14:34:34 EET" name="closeBrowser" finished-at="2023-09-08T14:34:34 EET" duration-ms="185" status="PASS">
          <reporter-output>
          </reporter-output>
        </test-method> <!-- closeBrowser -->
      </class> <!-- tests.LoginTests -->
      <class name="tests.InternalProductPageTests">
        <test-method is-config="true" signature="setupDriver(java.lang.String)[pri:0, instance:tests.InternalProductPageTests@4f4c789f]" started-at="2023-09-08T14:33:46 EET" name="setupDriver" finished-at="2023-09-08T14:33:47 EET" duration-ms="606" status="PASS">
          <params>
            <param index="0">
              <value>
                <![CDATA[edge]]>
              </value>
            </param>
          </params>
          <reporter-output>
          </reporter-output>
        </test-method> <!-- setupDriver -->
        <test-method signature="change_quantity()[pri:0, instance:tests.InternalProductPageTests@4f4c789f]" started-at="2023-09-08T14:33:47 EET" name="change_quantity" finished-at="2023-09-08T14:33:50 EET" duration-ms="3137" status="PASS">
          <reporter-output>
          </reporter-output>
        </test-method> <!-- change_quantity -->
        <test-method is-config="true" signature="closeBrowser()[pri:0, instance:tests.InternalProductPageTests@4f4c789f]" started-at="2023-09-08T14:33:50 EET" name="closeBrowser" finished-at="2023-09-08T14:33:50 EET" duration-ms="184" status="PASS">
          <reporter-output>
          </reporter-output>
        </test-method> <!-- closeBrowser -->
        <test-method is-config="true" signature="setupDriver(java.lang.String)[pri:0, instance:tests.InternalProductPageTests@4f4c789f]" started-at="2023-09-08T14:33:50 EET" name="setupDriver" finished-at="2023-09-08T14:33:51 EET" duration-ms="595" status="PASS">
          <params>
            <param index="0">
              <value>
                <![CDATA[edge]]>
              </value>
            </param>
          </params>
          <reporter-output>
          </reporter-output>
        </test-method> <!-- setupDriver -->
        <test-method signature="product_add_to_cart()[pri:0, instance:tests.InternalProductPageTests@4f4c789f]" started-at="2023-09-08T14:33:51 EET" name="product_add_to_cart" finished-at="2023-09-08T14:33:54 EET" duration-ms="2983" status="PASS">
          <reporter-output>
          </reporter-output>
        </test-method> <!-- product_add_to_cart -->
        <test-method is-config="true" signature="closeBrowser()[pri:0, instance:tests.InternalProductPageTests@4f4c789f]" started-at="2023-09-08T14:33:54 EET" name="closeBrowser" finished-at="2023-09-08T14:33:54 EET" duration-ms="184" status="PASS">
          <reporter-output>
          </reporter-output>
        </test-method> <!-- closeBrowser -->
        <test-method is-config="true" signature="setupDriver(java.lang.String)[pri:0, instance:tests.InternalProductPageTests@4f4c789f]" started-at="2023-09-08T14:33:54 EET" name="setupDriver" finished-at="2023-09-08T14:33:54 EET" duration-ms="604" status="PASS">
          <params>
            <param index="0">
              <value>
                <![CDATA[edge]]>
              </value>
            </param>
          </params>
          <reporter-output>
          </reporter-output>
        </test-method> <!-- setupDriver -->
        <test-method signature="product_write_review()[pri:0, instance:tests.InternalProductPageTests@4f4c789f]" started-at="2023-09-08T14:33:54 EET" name="product_write_review" finished-at="2023-09-08T14:33:58 EET" duration-ms="3794" status="PASS">
          <reporter-output>
          </reporter-output>
        </test-method> <!-- product_write_review -->
        <test-method is-config="true" signature="closeBrowser()[pri:0, instance:tests.InternalProductPageTests@4f4c789f]" started-at="2023-09-08T14:33:58 EET" name="closeBrowser" finished-at="2023-09-08T14:33:58 EET" duration-ms="182" status="PASS">
          <reporter-output>
          </reporter-output>
        </test-method> <!-- closeBrowser -->
      </class> <!-- tests.InternalProductPageTests -->
      <class name="tests.ContactUsTests">
        <test-method is-config="true" signature="setupDriver(java.lang.String)[pri:0, instance:tests.ContactUsTests@1b7cae6f]" started-at="2023-09-08T14:34:07 EET" name="setupDriver" finished-at="2023-09-08T14:34:08 EET" duration-ms="605" status="PASS">
          <params>
            <param index="0">
              <value>
                <![CDATA[edge]]>
              </value>
            </param>
          </params>
          <reporter-output>
          </reporter-output>
        </test-method> <!-- setupDriver -->
        <test-method signature="send_message()[pri:0, instance:tests.ContactUsTests@1b7cae6f]" started-at="2023-09-08T14:34:08 EET" name="send_message" finished-at="2023-09-08T14:34:11 EET" duration-ms="3167" status="PASS">
          <reporter-output>
          </reporter-output>
        </test-method> <!-- send_message -->
        <test-method is-config="true" signature="closeBrowser()[pri:0, instance:tests.ContactUsTests@1b7cae6f]" started-at="2023-09-08T14:34:11 EET" name="closeBrowser" finished-at="2023-09-08T14:34:11 EET" duration-ms="150" status="PASS">
          <reporter-output>
          </reporter-output>
        </test-method> <!-- closeBrowser -->
        <test-method is-config="true" signature="setupDriver(java.lang.String)[pri:0, instance:tests.ContactUsTests@1b7cae6f]" started-at="2023-09-08T14:34:11 EET" name="setupDriver" finished-at="2023-09-08T14:34:12 EET" duration-ms="600" status="PASS">
          <params>
            <param index="0">
              <value>
                <![CDATA[edge]]>
              </value>
            </param>
          </params>
          <reporter-output>
          </reporter-output>
        </test-method> <!-- setupDriver -->
        <test-method signature="wrong_info_contacting(java.lang.String,java.lang.String,java.lang.String,java.lang.String)[pri:0, instance:tests.ContactUsTests@1b7cae6f]" started-at="2023-09-08T14:34:12 EET" name="wrong_info_contacting" data-provider="invalid_Data" finished-at="2023-09-08T14:34:15 EET" duration-ms="3356" status="PASS">
          <params>
            <param index="0">
              <value>
                <![CDATA[]]>
              </value>
            </param>
            <param index="1">
              <value>
                <![CDATA[sh@sh.com]]>
              </value>
            </param>
            <param index="2">
              <value>
                <![CDATA[ur products are shit]]>
              </value>
            </param>
            <param index="3">
              <value>
                <![CDATA[Name must be between 3 and 32 characters!]]>
              </value>
            </param>
          </params>
          <reporter-output>
          </reporter-output>
        </test-method> <!-- wrong_info_contacting -->
        <test-method is-config="true" signature="closeBrowser()[pri:0, instance:tests.ContactUsTests@1b7cae6f]" started-at="2023-09-08T14:34:15 EET" name="closeBrowser" finished-at="2023-09-08T14:34:15 EET" duration-ms="183" status="PASS">
          <reporter-output>
          </reporter-output>
        </test-method> <!-- closeBrowser -->
        <test-method is-config="true" signature="setupDriver(java.lang.String)[pri:0, instance:tests.ContactUsTests@1b7cae6f]" started-at="2023-09-08T14:34:15 EET" name="setupDriver" finished-at="2023-09-08T14:34:16 EET" duration-ms="597" status="PASS">
          <params>
            <param index="0">
              <value>
                <![CDATA[edge]]>
              </value>
            </param>
          </params>
          <reporter-output>
          </reporter-output>
        </test-method> <!-- setupDriver -->
        <test-method signature="wrong_info_contacting(java.lang.String,java.lang.String,java.lang.String,java.lang.String)[pri:0, instance:tests.ContactUsTests@1b7cae6f]" started-at="2023-09-08T14:34:16 EET" name="wrong_info_contacting" data-provider="invalid_Data" finished-at="2023-09-08T14:34:19 EET" duration-ms="3389" status="PASS">
          <params>
            <param index="0">
              <value>
                <![CDATA[salah]]>
              </value>
            </param>
            <param index="1">
              <value>
                <![CDATA[]]>
              </value>
            </param>
            <param index="2">
              <value>
                <![CDATA[ur products are shit]]>
              </value>
            </param>
            <param index="3">
              <value>
                <![CDATA[E-Mail Address does not appear to be valid!]]>
              </value>
            </param>
          </params>
          <reporter-output>
          </reporter-output>
        </test-method> <!-- wrong_info_contacting -->
        <test-method is-config="true" signature="closeBrowser()[pri:0, instance:tests.ContactUsTests@1b7cae6f]" started-at="2023-09-08T14:34:19 EET" name="closeBrowser" finished-at="2023-09-08T14:34:19 EET" duration-ms="179" status="PASS">
          <reporter-output>
          </reporter-output>
        </test-method> <!-- closeBrowser -->
        <test-method is-config="true" signature="setupDriver(java.lang.String)[pri:0, instance:tests.ContactUsTests@1b7cae6f]" started-at="2023-09-08T14:34:19 EET" name="setupDriver" finished-at="2023-09-08T14:34:20 EET" duration-ms="602" status="PASS">
          <params>
            <param index="0">
              <value>
                <![CDATA[edge]]>
              </value>
            </param>
          </params>
          <reporter-output>
          </reporter-output>
        </test-method> <!-- setupDriver -->
        <test-method signature="wrong_info_contacting(java.lang.String,java.lang.String,java.lang.String,java.lang.String)[pri:0, instance:tests.ContactUsTests@1b7cae6f]" started-at="2023-09-08T14:34:20 EET" name="wrong_info_contacting" data-provider="invalid_Data" finished-at="2023-09-08T14:34:22 EET" duration-ms="2424" status="PASS">
          <params>
            <param index="0">
              <value>
                <![CDATA[salah]]>
              </value>
            </param>
            <param index="1">
              <value>
                <![CDATA[sh@sh.com]]>
              </value>
            </param>
            <param index="2">
              <value>
                <![CDATA[]]>
              </value>
            </param>
            <param index="3">
              <value>
                <![CDATA[Enquiry must be between 10 and 3000 characters!]]>
              </value>
            </param>
          </params>
          <reporter-output>
          </reporter-output>
        </test-method> <!-- wrong_info_contacting -->
        <test-method is-config="true" signature="closeBrowser()[pri:0, instance:tests.ContactUsTests@1b7cae6f]" started-at="2023-09-08T14:34:22 EET" name="closeBrowser" finished-at="2023-09-08T14:34:23 EET" duration-ms="181" status="PASS">
          <reporter-output>
          </reporter-output>
        </test-method> <!-- closeBrowser -->
      </class> <!-- tests.ContactUsTests -->
      <class name="tests.FooterTests">
        <test-method is-config="true" signature="setupDriver(java.lang.String)[pri:0, instance:tests.FooterTests@13f9ad9]" started-at="2023-09-08T14:33:58 EET" name="setupDriver" finished-at="2023-09-08T14:33:59 EET" duration-ms="611" status="PASS">
          <params>
            <param index="0">
              <value>
                <![CDATA[edge]]>
              </value>
            </param>
          </params>
          <reporter-output>
          </reporter-output>
        </test-method> <!-- setupDriver -->
        <test-method signature="check_about_us_link()[pri:0, instance:tests.FooterTests@13f9ad9]" started-at="2023-09-08T14:33:59 EET" name="check_about_us_link" finished-at="2023-09-08T14:34:00 EET" duration-ms="1614" status="PASS">
          <reporter-output>
          </reporter-output>
        </test-method> <!-- check_about_us_link -->
        <test-method is-config="true" signature="closeBrowser()[pri:0, instance:tests.FooterTests@13f9ad9]" started-at="2023-09-08T14:34:00 EET" name="closeBrowser" finished-at="2023-09-08T14:34:01 EET" duration-ms="175" status="PASS">
          <reporter-output>
          </reporter-output>
        </test-method> <!-- closeBrowser -->
        <test-method is-config="true" signature="setupDriver(java.lang.String)[pri:0, instance:tests.FooterTests@13f9ad9]" started-at="2023-09-08T14:34:01 EET" name="setupDriver" finished-at="2023-09-08T14:34:01 EET" duration-ms="606" status="PASS">
          <params>
            <param index="0">
              <value>
                <![CDATA[edge]]>
              </value>
            </param>
          </params>
          <reporter-output>
          </reporter-output>
        </test-method> <!-- setupDriver -->
        <test-method signature="check_avout_us_link()[pri:0, instance:tests.FooterTests@13f9ad9]" started-at="2023-09-08T14:34:01 EET" name="check_avout_us_link" finished-at="2023-09-08T14:34:03 EET" duration-ms="1848" status="PASS">
          <reporter-output>
          </reporter-output>
        </test-method> <!-- check_avout_us_link -->
        <test-method is-config="true" signature="closeBrowser()[pri:0, instance:tests.FooterTests@13f9ad9]" started-at="2023-09-08T14:34:03 EET" name="closeBrowser" finished-at="2023-09-08T14:34:03 EET" duration-ms="171" status="PASS">
          <reporter-output>
          </reporter-output>
        </test-method> <!-- closeBrowser -->
        <test-method is-config="true" signature="setupDriver(java.lang.String)[pri:0, instance:tests.FooterTests@13f9ad9]" started-at="2023-09-08T14:34:03 EET" name="setupDriver" finished-at="2023-09-08T14:34:04 EET" duration-ms="658" status="PASS">
          <params>
            <param index="0">
              <value>
                <![CDATA[edge]]>
              </value>
            </param>
          </params>
          <reporter-output>
          </reporter-output>
        </test-method> <!-- setupDriver -->
        <test-method signature="check_contact_us_link()[pri:0, instance:tests.FooterTests@13f9ad9]" started-at="2023-09-08T14:34:04 EET" name="check_contact_us_link" finished-at="2023-09-08T14:34:07 EET" duration-ms="3103" status="PASS">
          <reporter-output>
          </reporter-output>
        </test-method> <!-- check_contact_us_link -->
        <test-method is-config="true" signature="closeBrowser()[pri:0, instance:tests.FooterTests@13f9ad9]" started-at="2023-09-08T14:34:07 EET" name="closeBrowser" finished-at="2023-09-08T14:34:07 EET" duration-ms="173" status="PASS">
          <reporter-output>
          </reporter-output>
        </test-method> <!-- closeBrowser -->
      </class> <!-- tests.FooterTests -->
      <class name="tests.RegisterTests">
        <test-method is-config="true" signature="setupDriver(java.lang.String)[pri:0, instance:tests.RegisterTests@7048535f]" started-at="2023-09-08T14:34:34 EET" name="setupDriver" finished-at="2023-09-08T14:34:34 EET" duration-ms="600" status="PASS">
          <params>
            <param index="0">
              <value>
                <![CDATA[edge]]>
              </value>
            </param>
          </params>
          <reporter-output>
          </reporter-output>
        </test-method> <!-- setupDriver -->
        <test-method signature="successful_register()[pri:0, instance:tests.RegisterTests@7048535f]" started-at="2023-09-08T14:34:34 EET" name="successful_register" finished-at="2023-09-08T14:34:38 EET" duration-ms="3642" status="PASS">
          <reporter-output>
          </reporter-output>
        </test-method> <!-- successful_register -->
        <test-method is-config="true" signature="closeBrowser()[pri:0, instance:tests.RegisterTests@7048535f]" started-at="2023-09-08T14:34:38 EET" name="closeBrowser" finished-at="2023-09-08T14:34:38 EET" duration-ms="178" status="PASS">
          <reporter-output>
          </reporter-output>
        </test-method> <!-- closeBrowser -->
        <test-method is-config="true" signature="setupDriver(java.lang.String)[pri:0, instance:tests.RegisterTests@7048535f]" started-at="2023-09-08T14:34:38 EET" name="setupDriver" finished-at="2023-09-08T14:34:39 EET" duration-ms="594" status="PASS">
          <params>
            <param index="0">
              <value>
                <![CDATA[edge]]>
              </value>
            </param>
          </params>
          <reporter-output>
          </reporter-output>
        </test-method> <!-- setupDriver -->
        <test-method signature="unsuccessful_register()[pri:0, instance:tests.RegisterTests@7048535f]" started-at="2023-09-08T14:34:39 EET" name="unsuccessful_register" finished-at="2023-09-08T14:34:42 EET" duration-ms="2820" status="PASS">
          <reporter-output>
          </reporter-output>
        </test-method> <!-- unsuccessful_register -->
        <test-method is-config="true" signature="closeBrowser()[pri:0, instance:tests.RegisterTests@7048535f]" started-at="2023-09-08T14:34:42 EET" name="closeBrowser" finished-at="2023-09-08T14:34:42 EET" duration-ms="181" status="PASS">
          <reporter-output>
          </reporter-output>
        </test-method> <!-- closeBrowser -->
      </class> <!-- tests.RegisterTests -->
      <class name="tests.HomePageTests">
        <test-method is-config="true" signature="setupDriver(java.lang.String)[pri:0, instance:tests.HomePageTests@474fae39]" started-at="2023-09-08T14:33:36 EET" name="setupDriver" finished-at="2023-09-08T14:33:37 EET" duration-ms="1061" status="PASS">
          <params>
            <param index="0">
              <value>
                <![CDATA[edge]]>
              </value>
            </param>
          </params>
          <reporter-output>
          </reporter-output>
        </test-method> <!-- setupDriver -->
        <test-method signature="checking_desktops_sublink()[pri:0, instance:tests.HomePageTests@474fae39]" started-at="2023-09-08T14:33:37 EET" name="checking_desktops_sublink" finished-at="2023-09-08T14:33:41 EET" duration-ms="3456" status="PASS">
          <reporter-output>
          </reporter-output>
        </test-method> <!-- checking_desktops_sublink -->
        <test-method is-config="true" signature="closeBrowser()[pri:0, instance:tests.HomePageTests@474fae39]" started-at="2023-09-08T14:33:41 EET" name="closeBrowser" finished-at="2023-09-08T14:33:41 EET" duration-ms="181" status="PASS">
          <reporter-output>
          </reporter-output>
        </test-method> <!-- closeBrowser -->
        <test-method is-config="true" signature="setupDriver(java.lang.String)[pri:0, instance:tests.HomePageTests@474fae39]" started-at="2023-09-08T14:33:41 EET" name="setupDriver" finished-at="2023-09-08T14:33:42 EET" duration-ms="600" status="PASS">
          <params>
            <param index="0">
              <value>
                <![CDATA[edge]]>
              </value>
            </param>
          </params>
          <reporter-output>
          </reporter-output>
        </test-method> <!-- setupDriver -->
        <test-method signature="checking_next_page_aarow()[pri:0, instance:tests.HomePageTests@474fae39]" started-at="2023-09-08T14:33:42 EET" name="checking_next_page_aarow" finished-at="2023-09-08T14:33:43 EET" duration-ms="1610" status="PASS">
          <reporter-output>
          </reporter-output>
        </test-method> <!-- checking_next_page_aarow -->
        <test-method is-config="true" signature="closeBrowser()[pri:0, instance:tests.HomePageTests@474fae39]" started-at="2023-09-08T14:33:43 EET" name="closeBrowser" finished-at="2023-09-08T14:33:43 EET" duration-ms="189" status="PASS">
          <reporter-output>
          </reporter-output>
        </test-method> <!-- closeBrowser -->
        <test-method is-config="true" signature="setupDriver(java.lang.String)[pri:0, instance:tests.HomePageTests@474fae39]" started-at="2023-09-08T14:33:43 EET" name="setupDriver" finished-at="2023-09-08T14:33:44 EET" duration-ms="598" status="PASS">
          <params>
            <param index="0">
              <value>
                <![CDATA[edge]]>
              </value>
            </param>
          </params>
          <reporter-output>
          </reporter-output>
        </test-method> <!-- setupDriver -->
        <test-method signature="checking_tablets_link()[pri:0, instance:tests.HomePageTests@474fae39]" started-at="2023-09-08T14:33:44 EET" name="checking_tablets_link" finished-at="2023-09-08T14:33:46 EET" duration-ms="1773" status="PASS">
          <reporter-output>
          </reporter-output>
        </test-method> <!-- checking_tablets_link -->
        <test-method is-config="true" signature="closeBrowser()[pri:0, instance:tests.HomePageTests@474fae39]" started-at="2023-09-08T14:33:46 EET" name="closeBrowser" finished-at="2023-09-08T14:33:46 EET" duration-ms="175" status="PASS">
          <reporter-output>
          </reporter-output>
        </test-method> <!-- closeBrowser -->
      </class> <!-- tests.HomePageTests -->
      <class name="tests.InventoryTests">
        <test-method is-config="true" signature="setupDriver(java.lang.String)[pri:0, instance:tests.InventoryTests@21f8e55f]" started-at="2023-09-08T14:34:23 EET" name="setupDriver" finished-at="2023-09-08T14:34:23 EET" duration-ms="600" status="PASS">
          <params>
            <param index="0">
              <value>
                <![CDATA[edge]]>
              </value>
            </param>
          </params>
          <reporter-output>
          </reporter-output>
        </test-method> <!-- setupDriver -->
        <test-method signature="checkin_limit_functionality()[pri:0, instance:tests.InventoryTests@21f8e55f]" started-at="2023-09-08T14:34:23 EET" name="checkin_limit_functionality" finished-at="2023-09-08T14:34:26 EET" duration-ms="2924" status="PASS">
          <reporter-output>
          </reporter-output>
        </test-method> <!-- checkin_limit_functionality -->
        <test-method is-config="true" signature="closeBrowser()[pri:0, instance:tests.InventoryTests@21f8e55f]" started-at="2023-09-08T14:34:26 EET" name="closeBrowser" finished-at="2023-09-08T14:34:26 EET" duration-ms="183" status="PASS">
          <reporter-output>
          </reporter-output>
        </test-method> <!-- closeBrowser -->
        <test-method is-config="true" signature="setupDriver(java.lang.String)[pri:0, instance:tests.InventoryTests@21f8e55f]" started-at="2023-09-08T14:34:26 EET" name="setupDriver" finished-at="2023-09-08T14:34:27 EET" duration-ms="604" status="PASS">
          <params>
            <param index="0">
              <value>
                <![CDATA[edge]]>
              </value>
            </param>
          </params>
          <reporter-output>
          </reporter-output>
        </test-method> <!-- setupDriver -->
        <test-method signature="checkin_sorting_functionality()[pri:0, instance:tests.InventoryTests@21f8e55f]" started-at="2023-09-08T14:34:27 EET" name="checkin_sorting_functionality" finished-at="2023-09-08T14:34:30 EET" duration-ms="2998" status="PASS">
          <reporter-output>
          </reporter-output>
        </test-method> <!-- checkin_sorting_functionality -->
        <test-method is-config="true" signature="closeBrowser()[pri:0, instance:tests.InventoryTests@21f8e55f]" started-at="2023-09-08T14:34:30 EET" name="closeBrowser" finished-at="2023-09-08T14:34:30 EET" duration-ms="186" status="PASS">
          <reporter-output>
          </reporter-output>
        </test-method> <!-- closeBrowser -->
      </class> <!-- tests.InventoryTests -->
    </test> <!-- Test3 -->
  </suite> <!-- Suite -->
</testng-results>
