<?xml version="1.0" encoding="UTF-8"?>
<testng-results ignored="0" total="54" passed="54" failed="0" skipped="0">
  <reporter-output>
  </reporter-output>
  <suite started-at="2023-09-07T18:42:06 EET" name="Suite" finished-at="2023-09-07T18:46:16 EET" duration-ms="249612">
    <groups>
    </groups>
    <test started-at="2023-09-07T18:42:06 EET" name="Test" finished-at="2023-09-07T18:42:57 EET" duration-ms="50932">
      <class name="tests.LoginTests">
        <test-method is-config="true" signature="setupDriver(java.lang.String)[pri:0, instance:tests.LoginTests@2cfa2c4f]" started-at="2023-09-07T18:42:48 EET" name="setupDriver" finished-at="2023-09-07T18:42:49 EET" duration-ms="686" status="PASS">
          <params>
            <param index="0">
              <value>
                <![CDATA[chrome]]>
              </value>
            </param>
          </params>
          <reporter-output>
          </reporter-output>
        </test-method> <!-- setupDriver -->
        <test-method signature="unsuccessful_login()[pri:0, instance:tests.LoginTests@2cfa2c4f]" started-at="2023-09-07T18:42:49 EET" name="unsuccessful_login" finished-at="2023-09-07T18:42:51 EET" duration-ms="2043" status="PASS">
          <reporter-output>
          </reporter-output>
        </test-method> <!-- unsuccessful_login -->
        <test-method is-config="true" signature="closeBrowser()[pri:0, instance:tests.LoginTests@2cfa2c4f]" started-at="2023-09-07T18:42:51 EET" name="closeBrowser" finished-at="2023-09-07T18:42:51 EET" duration-ms="111" status="PASS">
          <reporter-output>
          </reporter-output>
        </test-method> <!-- closeBrowser -->
      </class> <!-- tests.LoginTests -->
      <class name="tests.InternalProductPageTests">
        <test-method is-config="true" signature="setupDriver(java.lang.String)[pri:0, instance:tests.InternalProductPageTests@58496c97]" started-at="2023-09-07T18:42:16 EET" name="setupDriver" finished-at="2023-09-07T18:42:16 EET" duration-ms="686" status="PASS">
          <params>
            <param index="0">
              <value>
                <![CDATA[chrome]]>
              </value>
            </param>
          </params>
          <reporter-output>
          </reporter-output>
        </test-method> <!-- setupDriver -->
        <test-method signature="change_quantity()[pri:0, instance:tests.InternalProductPageTests@58496c97]" started-at="2023-09-07T18:42:16 EET" name="change_quantity" finished-at="2023-09-07T18:42:18 EET" duration-ms="1990" status="PASS">
          <reporter-output>
          </reporter-output>
        </test-method> <!-- change_quantity -->
        <test-method is-config="true" signature="closeBrowser()[pri:0, instance:tests.InternalProductPageTests@58496c97]" started-at="2023-09-07T18:42:18 EET" name="closeBrowser" finished-at="2023-09-07T18:42:19 EET" duration-ms="76" status="PASS">
          <reporter-output>
          </reporter-output>
        </test-method> <!-- closeBrowser -->
        <test-method is-config="true" signature="setupDriver(java.lang.String)[pri:0, instance:tests.InternalProductPageTests@58496c97]" started-at="2023-09-07T18:42:19 EET" name="setupDriver" finished-at="2023-09-07T18:42:19 EET" duration-ms="628" status="PASS">
          <params>
            <param index="0">
              <value>
                <![CDATA[chrome]]>
              </value>
            </param>
          </params>
          <reporter-output>
          </reporter-output>
        </test-method> <!-- setupDriver -->
        <test-method signature="product_add_to_cart()[pri:0, instance:tests.InternalProductPageTests@58496c97]" started-at="2023-09-07T18:42:19 EET" name="product_add_to_cart" finished-at="2023-09-07T18:42:21 EET" duration-ms="1914" status="PASS">
          <reporter-output>
          </reporter-output>
        </test-method> <!-- product_add_to_cart -->
        <test-method is-config="true" signature="closeBrowser()[pri:0, instance:tests.InternalProductPageTests@58496c97]" started-at="2023-09-07T18:42:21 EET" name="closeBrowser" finished-at="2023-09-07T18:42:21 EET" duration-ms="123" status="PASS">
          <reporter-output>
          </reporter-output>
        </test-method> <!-- closeBrowser -->
        <test-method is-config="true" signature="setupDriver(java.lang.String)[pri:0, instance:tests.InternalProductPageTests@58496c97]" started-at="2023-09-07T18:42:21 EET" name="setupDriver" finished-at="2023-09-07T18:42:22 EET" duration-ms="687" status="PASS">
          <params>
            <param index="0">
              <value>
                <![CDATA[chrome]]>
              </value>
            </param>
          </params>
          <reporter-output>
          </reporter-output>
        </test-method> <!-- setupDriver -->
        <test-method signature="product_write_review()[pri:0, instance:tests.InternalProductPageTests@58496c97]" started-at="2023-09-07T18:42:22 EET" name="product_write_review" finished-at="2023-09-07T18:42:25 EET" duration-ms="2836" status="PASS">
          <reporter-output>
          </reporter-output>
        </test-method> <!-- product_write_review -->
        <test-method is-config="true" signature="closeBrowser()[pri:0, instance:tests.InternalProductPageTests@58496c97]" started-at="2023-09-07T18:42:25 EET" name="closeBrowser" finished-at="2023-09-07T18:42:25 EET" duration-ms="126" status="PASS">
          <reporter-output>
          </reporter-output>
        </test-method> <!-- closeBrowser -->
      </class> <!-- tests.InternalProductPageTests -->
      <class name="tests.ContactUsTests">
        <test-method is-config="true" signature="setupDriver(java.lang.String)[pri:0, instance:tests.ContactUsTests@12968227]" started-at="2023-09-07T18:42:32 EET" name="setupDriver" finished-at="2023-09-07T18:42:32 EET" duration-ms="605" status="PASS">
          <params>
            <param index="0">
              <value>
                <![CDATA[chrome]]>
              </value>
            </param>
          </params>
          <reporter-output>
          </reporter-output>
        </test-method> <!-- setupDriver -->
        <test-method signature="send_message()[pri:0, instance:tests.ContactUsTests@12968227]" started-at="2023-09-07T18:42:32 EET" name="send_message" finished-at="2023-09-07T18:42:34 EET" duration-ms="1883" status="PASS">
          <reporter-output>
          </reporter-output>
        </test-method> <!-- send_message -->
        <test-method is-config="true" signature="closeBrowser()[pri:0, instance:tests.ContactUsTests@12968227]" started-at="2023-09-07T18:42:34 EET" name="closeBrowser" finished-at="2023-09-07T18:42:34 EET" duration-ms="80" status="PASS">
          <reporter-output>
          </reporter-output>
        </test-method> <!-- closeBrowser -->
        <test-method is-config="true" signature="setupDriver(java.lang.String)[pri:0, instance:tests.ContactUsTests@12968227]" started-at="2023-09-07T18:42:34 EET" name="setupDriver" finished-at="2023-09-07T18:42:35 EET" duration-ms="616" status="PASS">
          <params>
            <param index="0">
              <value>
                <![CDATA[chrome]]>
              </value>
            </param>
          </params>
          <reporter-output>
          </reporter-output>
        </test-method> <!-- setupDriver -->
        <test-method signature="wrong_info_contacting(java.lang.String,java.lang.String,java.lang.String,java.lang.String)[pri:0, instance:tests.ContactUsTests@12968227]" started-at="2023-09-07T18:42:35 EET" name="wrong_info_contacting" data-provider="invalid_Data" finished-at="2023-09-07T18:42:37 EET" duration-ms="1917" status="PASS">
          <params>
            <param index="0">
              <value>
                <![CDATA[]]>
              </value>
            </param>
            <param index="1">
              <value>
                <![CDATA[sh@sh.com]]>
              </value>
            </param>
            <param index="2">
              <value>
                <![CDATA[ur products are shit]]>
              </value>
            </param>
            <param index="3">
              <value>
                <![CDATA[Name must be between 3 and 32 characters!]]>
              </value>
            </param>
          </params>
          <reporter-output>
          </reporter-output>
        </test-method> <!-- wrong_info_contacting -->
        <test-method is-config="true" signature="closeBrowser()[pri:0, instance:tests.ContactUsTests@12968227]" started-at="2023-09-07T18:42:37 EET" name="closeBrowser" finished-at="2023-09-07T18:42:37 EET" duration-ms="117" status="PASS">
          <reporter-output>
          </reporter-output>
        </test-method> <!-- closeBrowser -->
        <test-method is-config="true" signature="setupDriver(java.lang.String)[pri:0, instance:tests.ContactUsTests@12968227]" started-at="2023-09-07T18:42:37 EET" name="setupDriver" finished-at="2023-09-07T18:42:37 EET" duration-ms="650" status="PASS">
          <params>
            <param index="0">
              <value>
                <![CDATA[chrome]]>
              </value>
            </param>
          </params>
          <reporter-output>
          </reporter-output>
        </test-method> <!-- setupDriver -->
        <test-method signature="wrong_info_contacting(java.lang.String,java.lang.String,java.lang.String,java.lang.String)[pri:0, instance:tests.ContactUsTests@12968227]" started-at="2023-09-07T18:42:37 EET" name="wrong_info_contacting" data-provider="invalid_Data" finished-at="2023-09-07T18:42:40 EET" duration-ms="2558" status="PASS">
          <params>
            <param index="0">
              <value>
                <![CDATA[salah]]>
              </value>
            </param>
            <param index="1">
              <value>
                <![CDATA[]]>
              </value>
            </param>
            <param index="2">
              <value>
                <![CDATA[ur products are shit]]>
              </value>
            </param>
            <param index="3">
              <value>
                <![CDATA[E-Mail Address does not appear to be valid!]]>
              </value>
            </param>
          </params>
          <reporter-output>
          </reporter-output>
        </test-method> <!-- wrong_info_contacting -->
        <test-method is-config="true" signature="closeBrowser()[pri:0, instance:tests.ContactUsTests@12968227]" started-at="2023-09-07T18:42:40 EET" name="closeBrowser" finished-at="2023-09-07T18:42:40 EET" duration-ms="118" status="PASS">
          <reporter-output>
          </reporter-output>
        </test-method> <!-- closeBrowser -->
        <test-method is-config="true" signature="setupDriver(java.lang.String)[pri:0, instance:tests.ContactUsTests@12968227]" started-at="2023-09-07T18:42:40 EET" name="setupDriver" finished-at="2023-09-07T18:42:41 EET" duration-ms="689" status="PASS">
          <params>
            <param index="0">
              <value>
                <![CDATA[chrome]]>
              </value>
            </param>
          </params>
          <reporter-output>
          </reporter-output>
        </test-method> <!-- setupDriver -->
        <test-method signature="wrong_info_contacting(java.lang.String,java.lang.String,java.lang.String,java.lang.String)[pri:0, instance:tests.ContactUsTests@12968227]" started-at="2023-09-07T18:42:41 EET" name="wrong_info_contacting" data-provider="invalid_Data" finished-at="2023-09-07T18:42:43 EET" duration-ms="1853" status="PASS">
          <params>
            <param index="0">
              <value>
                <![CDATA[salah]]>
              </value>
            </param>
            <param index="1">
              <value>
                <![CDATA[sh@sh.com]]>
              </value>
            </param>
            <param index="2">
              <value>
                <![CDATA[]]>
              </value>
            </param>
            <param index="3">
              <value>
                <![CDATA[Enquiry must be between 10 and 3000 characters!]]>
              </value>
            </param>
          </params>
          <reporter-output>
          </reporter-output>
        </test-method> <!-- wrong_info_contacting -->
        <test-method is-config="true" signature="closeBrowser()[pri:0, instance:tests.ContactUsTests@12968227]" started-at="2023-09-07T18:42:43 EET" name="closeBrowser" finished-at="2023-09-07T18:42:43 EET" duration-ms="118" status="PASS">
          <reporter-output>
          </reporter-output>
        </test-method> <!-- closeBrowser -->
      </class> <!-- tests.ContactUsTests -->
      <class name="tests.FooterTests">
        <test-method is-config="true" signature="setupDriver(java.lang.String)[pri:0, instance:tests.FooterTests@1a87b51]" started-at="2023-09-07T18:42:25 EET" name="setupDriver" finished-at="2023-09-07T18:42:26 EET" duration-ms="688" status="PASS">
          <params>
            <param index="0">
              <value>
                <![CDATA[chrome]]>
              </value>
            </param>
          </params>
          <reporter-output>
          </reporter-output>
        </test-method> <!-- setupDriver -->
        <test-method signature="check_about_us_link()[pri:0, instance:tests.FooterTests@1a87b51]" started-at="2023-09-07T18:42:26 EET" name="check_about_us_link" finished-at="2023-09-07T18:42:27 EET" duration-ms="1438" status="PASS">
          <reporter-output>
          </reporter-output>
        </test-method> <!-- check_about_us_link -->
        <test-method is-config="true" signature="closeBrowser()[pri:0, instance:tests.FooterTests@1a87b51]" started-at="2023-09-07T18:42:27 EET" name="closeBrowser" finished-at="2023-09-07T18:42:27 EET" duration-ms="82" status="PASS">
          <reporter-output>
          </reporter-output>
        </test-method> <!-- closeBrowser -->
        <test-method is-config="true" signature="setupDriver(java.lang.String)[pri:0, instance:tests.FooterTests@1a87b51]" started-at="2023-09-07T18:42:27 EET" name="setupDriver" finished-at="2023-09-07T18:42:28 EET" duration-ms="684" status="PASS">
          <params>
            <param index="0">
              <value>
                <![CDATA[chrome]]>
              </value>
            </param>
          </params>
          <reporter-output>
          </reporter-output>
        </test-method> <!-- setupDriver -->
        <test-method signature="check_avout_us_link()[pri:0, instance:tests.FooterTests@1a87b51]" started-at="2023-09-07T18:42:28 EET" name="check_avout_us_link" finished-at="2023-09-07T18:42:29 EET" duration-ms="1467" status="PASS">
          <reporter-output>
          </reporter-output>
        </test-method> <!-- check_avout_us_link -->
        <test-method is-config="true" signature="closeBrowser()[pri:0, instance:tests.FooterTests@1a87b51]" started-at="2023-09-07T18:42:29 EET" name="closeBrowser" finished-at="2023-09-07T18:42:29 EET" duration-ms="114" status="PASS">
          <reporter-output>
          </reporter-output>
        </test-method> <!-- closeBrowser -->
        <test-method is-config="true" signature="setupDriver(java.lang.String)[pri:0, instance:tests.FooterTests@1a87b51]" started-at="2023-09-07T18:42:29 EET" name="setupDriver" finished-at="2023-09-07T18:42:30 EET" duration-ms="682" status="PASS">
          <params>
            <param index="0">
              <value>
                <![CDATA[chrome]]>
              </value>
            </param>
          </params>
          <reporter-output>
          </reporter-output>
        </test-method> <!-- setupDriver -->
        <test-method signature="check_contact_us_link()[pri:0, instance:tests.FooterTests@1a87b51]" started-at="2023-09-07T18:42:30 EET" name="check_contact_us_link" finished-at="2023-09-07T18:42:31 EET" duration-ms="1389" status="PASS">
          <reporter-output>
          </reporter-output>
        </test-method> <!-- check_contact_us_link -->
        <test-method is-config="true" signature="closeBrowser()[pri:0, instance:tests.FooterTests@1a87b51]" started-at="2023-09-07T18:42:31 EET" name="closeBrowser" finished-at="2023-09-07T18:42:32 EET" duration-ms="115" status="PASS">
          <reporter-output>
          </reporter-output>
        </test-method> <!-- closeBrowser -->
      </class> <!-- tests.FooterTests -->
      <class name="tests.HomePageTests">
        <test-method is-config="true" signature="setupDriver(java.lang.String)[pri:0, instance:tests.HomePageTests@36fc05ff]" started-at="2023-09-07T18:42:06 EET" name="setupDriver" finished-at="2023-09-07T18:42:09 EET" duration-ms="2474" status="PASS">
          <params>
            <param index="0">
              <value>
                <![CDATA[chrome]]>
              </value>
            </param>
          </params>
          <reporter-output>
          </reporter-output>
        </test-method> <!-- setupDriver -->
        <test-method signature="checking_desktops_sublink()[pri:0, instance:tests.HomePageTests@36fc05ff]" started-at="2023-09-07T18:42:09 EET" name="checking_desktops_sublink" finished-at="2023-09-07T18:42:11 EET" duration-ms="1877" status="PASS">
          <reporter-output>
          </reporter-output>
        </test-method> <!-- checking_desktops_sublink -->
        <test-method is-config="true" signature="closeBrowser()[pri:0, instance:tests.HomePageTests@36fc05ff]" started-at="2023-09-07T18:42:11 EET" name="closeBrowser" finished-at="2023-09-07T18:42:11 EET" duration-ms="123" status="PASS">
          <reporter-output>
          </reporter-output>
        </test-method> <!-- closeBrowser -->
        <test-method is-config="true" signature="setupDriver(java.lang.String)[pri:0, instance:tests.HomePageTests@36fc05ff]" started-at="2023-09-07T18:42:11 EET" name="setupDriver" finished-at="2023-09-07T18:42:11 EET" duration-ms="692" status="PASS">
          <params>
            <param index="0">
              <value>
                <![CDATA[chrome]]>
              </value>
            </param>
          </params>
          <reporter-output>
          </reporter-output>
        </test-method> <!-- setupDriver -->
        <test-method signature="checking_next_page_aarow()[pri:0, instance:tests.HomePageTests@36fc05ff]" started-at="2023-09-07T18:42:11 EET" name="checking_next_page_aarow" finished-at="2023-09-07T18:42:13 EET" duration-ms="2028" status="PASS">
          <reporter-output>
          </reporter-output>
        </test-method> <!-- checking_next_page_aarow -->
        <test-method is-config="true" signature="closeBrowser()[pri:0, instance:tests.HomePageTests@36fc05ff]" started-at="2023-09-07T18:42:13 EET" name="closeBrowser" finished-at="2023-09-07T18:42:13 EET" duration-ms="78" status="PASS">
          <reporter-output>
          </reporter-output>
        </test-method> <!-- closeBrowser -->
        <test-method is-config="true" signature="setupDriver(java.lang.String)[pri:0, instance:tests.HomePageTests@36fc05ff]" started-at="2023-09-07T18:42:13 EET" name="setupDriver" finished-at="2023-09-07T18:42:14 EET" duration-ms="688" status="PASS">
          <params>
            <param index="0">
              <value>
                <![CDATA[chrome]]>
              </value>
            </param>
          </params>
          <reporter-output>
          </reporter-output>
        </test-method> <!-- setupDriver -->
        <test-method signature="checking_tablets_link()[pri:0, instance:tests.HomePageTests@36fc05ff]" started-at="2023-09-07T18:42:14 EET" name="checking_tablets_link" finished-at="2023-09-07T18:42:16 EET" duration-ms="1466" status="PASS">
          <reporter-output>
          </reporter-output>
        </test-method> <!-- checking_tablets_link -->
        <test-method is-config="true" signature="closeBrowser()[pri:0, instance:tests.HomePageTests@36fc05ff]" started-at="2023-09-07T18:42:16 EET" name="closeBrowser" finished-at="2023-09-07T18:42:16 EET" duration-ms="115" status="PASS">
          <reporter-output>
          </reporter-output>
        </test-method> <!-- closeBrowser -->
      </class> <!-- tests.HomePageTests -->
      <class name="tests.RegisterTests">
        <test-method is-config="true" signature="setupDriver(java.lang.String)[pri:0, instance:tests.RegisterTests@6ecab872]" started-at="2023-09-07T18:42:51 EET" name="setupDriver" finished-at="2023-09-07T18:42:52 EET" duration-ms="679" status="PASS">
          <params>
            <param index="0">
              <value>
                <![CDATA[chrome]]>
              </value>
            </param>
          </params>
          <reporter-output>
          </reporter-output>
        </test-method> <!-- setupDriver -->
        <test-method signature="successful_register()[pri:0, instance:tests.RegisterTests@6ecab872]" started-at="2023-09-07T18:42:52 EET" name="successful_register" finished-at="2023-09-07T18:42:54 EET" duration-ms="2449" status="PASS">
          <reporter-output>
          </reporter-output>
        </test-method> <!-- successful_register -->
        <test-method is-config="true" signature="closeBrowser()[pri:0, instance:tests.RegisterTests@6ecab872]" started-at="2023-09-07T18:42:54 EET" name="closeBrowser" finished-at="2023-09-07T18:42:54 EET" duration-ms="80" status="PASS">
          <reporter-output>
          </reporter-output>
        </test-method> <!-- closeBrowser -->
        <test-method is-config="true" signature="setupDriver(java.lang.String)[pri:0, instance:tests.RegisterTests@6ecab872]" started-at="2023-09-07T18:42:54 EET" name="setupDriver" finished-at="2023-09-07T18:42:55 EET" duration-ms="673" status="PASS">
          <params>
            <param index="0">
              <value>
                <![CDATA[chrome]]>
              </value>
            </param>
          </params>
          <reporter-output>
          </reporter-output>
        </test-method> <!-- setupDriver -->
        <test-method signature="unsuccessful_register()[pri:0, instance:tests.RegisterTests@6ecab872]" started-at="2023-09-07T18:42:55 EET" name="unsuccessful_register" finished-at="2023-09-07T18:42:57 EET" duration-ms="1958" status="PASS">
          <reporter-output>
          </reporter-output>
        </test-method> <!-- unsuccessful_register -->
        <test-method is-config="true" signature="closeBrowser()[pri:0, instance:tests.RegisterTests@6ecab872]" started-at="2023-09-07T18:42:57 EET" name="closeBrowser" finished-at="2023-09-07T18:42:57 EET" duration-ms="98" status="PASS">
          <reporter-output>
          </reporter-output>
        </test-method> <!-- closeBrowser -->
      </class> <!-- tests.RegisterTests -->
      <class name="tests.InventoryTests">
        <test-method is-config="true" signature="setupDriver(java.lang.String)[pri:0, instance:tests.InventoryTests@144ab54]" started-at="2023-09-07T18:42:43 EET" name="setupDriver" finished-at="2023-09-07T18:42:43 EET" duration-ms="650" status="PASS">
          <params>
            <param index="0">
              <value>
                <![CDATA[chrome]]>
              </value>
            </param>
          </params>
          <reporter-output>
          </reporter-output>
        </test-method> <!-- setupDriver -->
        <test-method signature="checkin_limit_functionality()[pri:0, instance:tests.InventoryTests@144ab54]" started-at="2023-09-07T18:42:43 EET" name="checkin_limit_functionality" finished-at="2023-09-07T18:42:45 EET" duration-ms="1791" status="PASS">
          <reporter-output>
          </reporter-output>
        </test-method> <!-- checkin_limit_functionality -->
        <test-method is-config="true" signature="closeBrowser()[pri:0, instance:tests.InventoryTests@144ab54]" started-at="2023-09-07T18:42:45 EET" name="closeBrowser" finished-at="2023-09-07T18:42:45 EET" duration-ms="126" status="PASS">
          <reporter-output>
          </reporter-output>
        </test-method> <!-- closeBrowser -->
        <test-method is-config="true" signature="setupDriver(java.lang.String)[pri:0, instance:tests.InventoryTests@144ab54]" started-at="2023-09-07T18:42:45 EET" name="setupDriver" finished-at="2023-09-07T18:42:46 EET" duration-ms="608" status="PASS">
          <params>
            <param index="0">
              <value>
                <![CDATA[chrome]]>
              </value>
            </param>
          </params>
          <reporter-output>
          </reporter-output>
        </test-method> <!-- setupDriver -->
        <test-method signature="checkin_sorting_functionality()[pri:0, instance:tests.InventoryTests@144ab54]" started-at="2023-09-07T18:42:46 EET" name="checkin_sorting_functionality" finished-at="2023-09-07T18:42:48 EET" duration-ms="2173" status="PASS">
          <reporter-output>
          </reporter-output>
        </test-method> <!-- checkin_sorting_functionality -->
        <test-method is-config="true" signature="closeBrowser()[pri:0, instance:tests.InventoryTests@144ab54]" started-at="2023-09-07T18:42:48 EET" name="closeBrowser" finished-at="2023-09-07T18:42:48 EET" duration-ms="115" status="PASS">
          <reporter-output>
          </reporter-output>
        </test-method> <!-- closeBrowser -->
      </class> <!-- tests.InventoryTests -->
    </test> <!-- Test -->
    <test started-at="2023-09-07T18:42:57 EET" name="Test2" finished-at="2023-09-07T18:44:23 EET" duration-ms="85887">
      <class name="tests.LoginTests">
        <test-method is-config="true" signature="setupDriver(java.lang.String)[pri:0, instance:tests.LoginTests@332820f4]" started-at="2023-09-07T18:44:09 EET" name="setupDriver" finished-at="2023-09-07T18:44:11 EET" duration-ms="2023" status="PASS">
          <params>
            <param index="0">
              <value>
                <![CDATA[firefox]]>
              </value>
            </param>
          </params>
          <reporter-output>
          </reporter-output>
        </test-method> <!-- setupDriver -->
        <test-method signature="unsuccessful_login()[pri:0, instance:tests.LoginTests@332820f4]" started-at="2023-09-07T18:44:11 EET" name="unsuccessful_login" finished-at="2023-09-07T18:44:13 EET" duration-ms="1892" status="PASS">
          <reporter-output>
          </reporter-output>
        </test-method> <!-- unsuccessful_login -->
        <test-method is-config="true" signature="closeBrowser()[pri:0, instance:tests.LoginTests@332820f4]" started-at="2023-09-07T18:44:13 EET" name="closeBrowser" finished-at="2023-09-07T18:44:13 EET" duration-ms="734" status="PASS">
          <reporter-output>
          </reporter-output>
        </test-method> <!-- closeBrowser -->
      </class> <!-- tests.LoginTests -->
      <class name="tests.InternalProductPageTests">
        <test-method is-config="true" signature="setupDriver(java.lang.String)[pri:0, instance:tests.InternalProductPageTests@7a7cc52c]" started-at="2023-09-07T18:43:10 EET" name="setupDriver" finished-at="2023-09-07T18:43:12 EET" duration-ms="1919" status="PASS">
          <params>
            <param index="0">
              <value>
                <![CDATA[firefox]]>
              </value>
            </param>
          </params>
          <reporter-output>
          </reporter-output>
        </test-method> <!-- setupDriver -->
        <test-method signature="change_quantity()[pri:0, instance:tests.InternalProductPageTests@7a7cc52c]" started-at="2023-09-07T18:43:12 EET" name="change_quantity" finished-at="2023-09-07T18:43:14 EET" duration-ms="2391" status="PASS">
          <reporter-output>
          </reporter-output>
        </test-method> <!-- change_quantity -->
        <test-method is-config="true" signature="closeBrowser()[pri:0, instance:tests.InternalProductPageTests@7a7cc52c]" started-at="2023-09-07T18:43:14 EET" name="closeBrowser" finished-at="2023-09-07T18:43:15 EET" duration-ms="745" status="PASS">
          <reporter-output>
          </reporter-output>
        </test-method> <!-- closeBrowser -->
        <test-method is-config="true" signature="setupDriver(java.lang.String)[pri:0, instance:tests.InternalProductPageTests@7a7cc52c]" started-at="2023-09-07T18:43:15 EET" name="setupDriver" finished-at="2023-09-07T18:43:17 EET" duration-ms="2069" status="PASS">
          <params>
            <param index="0">
              <value>
                <![CDATA[firefox]]>
              </value>
            </param>
          </params>
          <reporter-output>
          </reporter-output>
        </test-method> <!-- setupDriver -->
        <test-method signature="product_add_to_cart()[pri:0, instance:tests.InternalProductPageTests@7a7cc52c]" started-at="2023-09-07T18:43:17 EET" name="product_add_to_cart" finished-at="2023-09-07T18:43:19 EET" duration-ms="2192" status="PASS">
          <reporter-output>
          </reporter-output>
        </test-method> <!-- product_add_to_cart -->
        <test-method is-config="true" signature="closeBrowser()[pri:0, instance:tests.InternalProductPageTests@7a7cc52c]" started-at="2023-09-07T18:43:19 EET" name="closeBrowser" finished-at="2023-09-07T18:43:20 EET" duration-ms="732" status="PASS">
          <reporter-output>
          </reporter-output>
        </test-method> <!-- closeBrowser -->
        <test-method is-config="true" signature="setupDriver(java.lang.String)[pri:0, instance:tests.InternalProductPageTests@7a7cc52c]" started-at="2023-09-07T18:43:20 EET" name="setupDriver" finished-at="2023-09-07T18:43:22 EET" duration-ms="2040" status="PASS">
          <params>
            <param index="0">
              <value>
                <![CDATA[firefox]]>
              </value>
            </param>
          </params>
          <reporter-output>
          </reporter-output>
        </test-method> <!-- setupDriver -->
        <test-method signature="product_write_review()[pri:0, instance:tests.InternalProductPageTests@7a7cc52c]" started-at="2023-09-07T18:43:22 EET" name="product_write_review" finished-at="2023-09-07T18:43:25 EET" duration-ms="2895" status="PASS">
          <reporter-output>
          </reporter-output>
        </test-method> <!-- product_write_review -->
        <test-method is-config="true" signature="closeBrowser()[pri:0, instance:tests.InternalProductPageTests@7a7cc52c]" started-at="2023-09-07T18:43:25 EET" name="closeBrowser" finished-at="2023-09-07T18:43:25 EET" duration-ms="673" status="PASS">
          <reporter-output>
          </reporter-output>
        </test-method> <!-- closeBrowser -->
      </class> <!-- tests.InternalProductPageTests -->
      <class name="tests.ContactUsTests">
        <test-method is-config="true" signature="setupDriver(java.lang.String)[pri:0, instance:tests.ContactUsTests@524a2ffb]" started-at="2023-09-07T18:43:38 EET" name="setupDriver" finished-at="2023-09-07T18:43:40 EET" duration-ms="1963" status="PASS">
          <params>
            <param index="0">
              <value>
                <![CDATA[firefox]]>
              </value>
            </param>
          </params>
          <reporter-output>
          </reporter-output>
        </test-method> <!-- setupDriver -->
        <test-method signature="send_message()[pri:0, instance:tests.ContactUsTests@524a2ffb]" started-at="2023-09-07T18:43:40 EET" name="send_message" finished-at="2023-09-07T18:43:43 EET" duration-ms="2330" status="PASS">
          <reporter-output>
          </reporter-output>
        </test-method> <!-- send_message -->
        <test-method is-config="true" signature="closeBrowser()[pri:0, instance:tests.ContactUsTests@524a2ffb]" started-at="2023-09-07T18:43:43 EET" name="closeBrowser" finished-at="2023-09-07T18:43:43 EET" duration-ms="658" status="PASS">
          <reporter-output>
          </reporter-output>
        </test-method> <!-- closeBrowser -->
        <test-method is-config="true" signature="setupDriver(java.lang.String)[pri:0, instance:tests.ContactUsTests@524a2ffb]" started-at="2023-09-07T18:43:43 EET" name="setupDriver" finished-at="2023-09-07T18:43:45 EET" duration-ms="2147" status="PASS">
          <params>
            <param index="0">
              <value>
                <![CDATA[firefox]]>
              </value>
            </param>
          </params>
          <reporter-output>
          </reporter-output>
        </test-method> <!-- setupDriver -->
        <test-method signature="wrong_info_contacting(java.lang.String,java.lang.String,java.lang.String,java.lang.String)[pri:0, instance:tests.ContactUsTests@524a2ffb]" started-at="2023-09-07T18:43:45 EET" name="wrong_info_contacting" data-provider="invalid_Data" finished-at="2023-09-07T18:43:48 EET" duration-ms="2630" status="PASS">
          <params>
            <param index="0">
              <value>
                <![CDATA[]]>
              </value>
            </param>
            <param index="1">
              <value>
                <![CDATA[sh@sh.com]]>
              </value>
            </param>
            <param index="2">
              <value>
                <![CDATA[ur products are shit]]>
              </value>
            </param>
            <param index="3">
              <value>
                <![CDATA[Name must be between 3 and 32 characters!]]>
              </value>
            </param>
          </params>
          <reporter-output>
          </reporter-output>
        </test-method> <!-- wrong_info_contacting -->
        <test-method is-config="true" signature="closeBrowser()[pri:0, instance:tests.ContactUsTests@524a2ffb]" started-at="2023-09-07T18:43:48 EET" name="closeBrowser" finished-at="2023-09-07T18:43:49 EET" duration-ms="710" status="PASS">
          <reporter-output>
          </reporter-output>
        </test-method> <!-- closeBrowser -->
        <test-method is-config="true" signature="setupDriver(java.lang.String)[pri:0, instance:tests.ContactUsTests@524a2ffb]" started-at="2023-09-07T18:43:49 EET" name="setupDriver" finished-at="2023-09-07T18:43:51 EET" duration-ms="2125" status="PASS">
          <params>
            <param index="0">
              <value>
                <![CDATA[firefox]]>
              </value>
            </param>
          </params>
          <reporter-output>
          </reporter-output>
        </test-method> <!-- setupDriver -->
        <test-method signature="wrong_info_contacting(java.lang.String,java.lang.String,java.lang.String,java.lang.String)[pri:0, instance:tests.ContactUsTests@524a2ffb]" started-at="2023-09-07T18:43:51 EET" name="wrong_info_contacting" data-provider="invalid_Data" finished-at="2023-09-07T18:43:53 EET" duration-ms="2303" status="PASS">
          <params>
            <param index="0">
              <value>
                <![CDATA[salah]]>
              </value>
            </param>
            <param index="1">
              <value>
                <![CDATA[]]>
              </value>
            </param>
            <param index="2">
              <value>
                <![CDATA[ur products are shit]]>
              </value>
            </param>
            <param index="3">
              <value>
                <![CDATA[E-Mail Address does not appear to be valid!]]>
              </value>
            </param>
          </params>
          <reporter-output>
          </reporter-output>
        </test-method> <!-- wrong_info_contacting -->
        <test-method is-config="true" signature="closeBrowser()[pri:0, instance:tests.ContactUsTests@524a2ffb]" started-at="2023-09-07T18:43:53 EET" name="closeBrowser" finished-at="2023-09-07T18:43:54 EET" duration-ms="672" status="PASS">
          <reporter-output>
          </reporter-output>
        </test-method> <!-- closeBrowser -->
        <test-method is-config="true" signature="setupDriver(java.lang.String)[pri:0, instance:tests.ContactUsTests@524a2ffb]" started-at="2023-09-07T18:43:54 EET" name="setupDriver" finished-at="2023-09-07T18:43:56 EET" duration-ms="2274" status="PASS">
          <params>
            <param index="0">
              <value>
                <![CDATA[firefox]]>
              </value>
            </param>
          </params>
          <reporter-output>
          </reporter-output>
        </test-method> <!-- setupDriver -->
        <test-method signature="wrong_info_contacting(java.lang.String,java.lang.String,java.lang.String,java.lang.String)[pri:0, instance:tests.ContactUsTests@524a2ffb]" started-at="2023-09-07T18:43:56 EET" name="wrong_info_contacting" data-provider="invalid_Data" finished-at="2023-09-07T18:43:58 EET" duration-ms="2200" status="PASS">
          <params>
            <param index="0">
              <value>
                <![CDATA[salah]]>
              </value>
            </param>
            <param index="1">
              <value>
                <![CDATA[sh@sh.com]]>
              </value>
            </param>
            <param index="2">
              <value>
                <![CDATA[]]>
              </value>
            </param>
            <param index="3">
              <value>
                <![CDATA[Enquiry must be between 10 and 3000 characters!]]>
              </value>
            </param>
          </params>
          <reporter-output>
          </reporter-output>
        </test-method> <!-- wrong_info_contacting -->
        <test-method is-config="true" signature="closeBrowser()[pri:0, instance:tests.ContactUsTests@524a2ffb]" started-at="2023-09-07T18:43:58 EET" name="closeBrowser" finished-at="2023-09-07T18:43:59 EET" duration-ms="752" status="PASS">
          <reporter-output>
          </reporter-output>
        </test-method> <!-- closeBrowser -->
      </class> <!-- tests.ContactUsTests -->
      <class name="tests.FooterTests">
        <test-method is-config="true" signature="setupDriver(java.lang.String)[pri:0, instance:tests.FooterTests@5853495b]" started-at="2023-09-07T18:43:25 EET" name="setupDriver" finished-at="2023-09-07T18:43:27 EET" duration-ms="1925" status="PASS">
          <params>
            <param index="0">
              <value>
                <![CDATA[firefox]]>
              </value>
            </param>
          </params>
          <reporter-output>
          </reporter-output>
        </test-method> <!-- setupDriver -->
        <test-method signature="check_about_us_link()[pri:0, instance:tests.FooterTests@5853495b]" started-at="2023-09-07T18:43:27 EET" name="check_about_us_link" finished-at="2023-09-07T18:43:28 EET" duration-ms="1027" status="PASS">
          <reporter-output>
          </reporter-output>
        </test-method> <!-- check_about_us_link -->
        <test-method is-config="true" signature="closeBrowser()[pri:0, instance:tests.FooterTests@5853495b]" started-at="2023-09-07T18:43:28 EET" name="closeBrowser" finished-at="2023-09-07T18:43:29 EET" duration-ms="657" status="PASS">
          <reporter-output>
          </reporter-output>
        </test-method> <!-- closeBrowser -->
        <test-method is-config="true" signature="setupDriver(java.lang.String)[pri:0, instance:tests.FooterTests@5853495b]" started-at="2023-09-07T18:43:29 EET" name="setupDriver" finished-at="2023-09-07T18:43:31 EET" duration-ms="2157" status="PASS">
          <params>
            <param index="0">
              <value>
                <![CDATA[firefox]]>
              </value>
            </param>
          </params>
          <reporter-output>
          </reporter-output>
        </test-method> <!-- setupDriver -->
        <test-method signature="check_avout_us_link()[pri:0, instance:tests.FooterTests@5853495b]" started-at="2023-09-07T18:43:31 EET" name="check_avout_us_link" finished-at="2023-09-07T18:43:33 EET" duration-ms="1713" status="PASS">
          <reporter-output>
          </reporter-output>
        </test-method> <!-- check_avout_us_link -->
        <test-method is-config="true" signature="closeBrowser()[pri:0, instance:tests.FooterTests@5853495b]" started-at="2023-09-07T18:43:33 EET" name="closeBrowser" finished-at="2023-09-07T18:43:34 EET" duration-ms="647" status="PASS">
          <reporter-output>
          </reporter-output>
        </test-method> <!-- closeBrowser -->
        <test-method is-config="true" signature="setupDriver(java.lang.String)[pri:0, instance:tests.FooterTests@5853495b]" started-at="2023-09-07T18:43:34 EET" name="setupDriver" finished-at="2023-09-07T18:43:35 EET" duration-ms="1892" status="PASS">
          <params>
            <param index="0">
              <value>
                <![CDATA[firefox]]>
              </value>
            </param>
          </params>
          <reporter-output>
          </reporter-output>
        </test-method> <!-- setupDriver -->
        <test-method signature="check_contact_us_link()[pri:0, instance:tests.FooterTests@5853495b]" started-at="2023-09-07T18:43:35 EET" name="check_contact_us_link" finished-at="2023-09-07T18:43:38 EET" duration-ms="2121" status="PASS">
          <reporter-output>
          </reporter-output>
        </test-method> <!-- check_contact_us_link -->
        <test-method is-config="true" signature="closeBrowser()[pri:0, instance:tests.FooterTests@5853495b]" started-at="2023-09-07T18:43:38 EET" name="closeBrowser" finished-at="2023-09-07T18:43:38 EET" duration-ms="674" status="PASS">
          <reporter-output>
          </reporter-output>
        </test-method> <!-- closeBrowser -->
      </class> <!-- tests.FooterTests -->
      <class name="tests.RegisterTests">
        <test-method is-config="true" signature="setupDriver(java.lang.String)[pri:0, instance:tests.RegisterTests@7173ae5b]" started-at="2023-09-07T18:44:13 EET" name="setupDriver" finished-at="2023-09-07T18:44:15 EET" duration-ms="1917" status="PASS">
          <params>
            <param index="0">
              <value>
                <![CDATA[firefox]]>
              </value>
            </param>
          </params>
          <reporter-output>
          </reporter-output>
        </test-method> <!-- setupDriver -->
        <test-method signature="successful_register()[pri:0, instance:tests.RegisterTests@7173ae5b]" started-at="2023-09-07T18:44:15 EET" name="successful_register" finished-at="2023-09-07T18:44:17 EET" duration-ms="2210" status="PASS">
          <reporter-output>
          </reporter-output>
        </test-method> <!-- successful_register -->
        <test-method is-config="true" signature="closeBrowser()[pri:0, instance:tests.RegisterTests@7173ae5b]" started-at="2023-09-07T18:44:17 EET" name="closeBrowser" finished-at="2023-09-07T18:44:18 EET" duration-ms="738" status="PASS">
          <reporter-output>
          </reporter-output>
        </test-method> <!-- closeBrowser -->
        <test-method is-config="true" signature="setupDriver(java.lang.String)[pri:0, instance:tests.RegisterTests@7173ae5b]" started-at="2023-09-07T18:44:18 EET" name="setupDriver" finished-at="2023-09-07T18:44:20 EET" duration-ms="2176" status="PASS">
          <params>
            <param index="0">
              <value>
                <![CDATA[firefox]]>
              </value>
            </param>
          </params>
          <reporter-output>
          </reporter-output>
        </test-method> <!-- setupDriver -->
        <test-method signature="unsuccessful_register()[pri:0, instance:tests.RegisterTests@7173ae5b]" started-at="2023-09-07T18:44:20 EET" name="unsuccessful_register" finished-at="2023-09-07T18:44:22 EET" duration-ms="1814" status="PASS">
          <reporter-output>
          </reporter-output>
        </test-method> <!-- unsuccessful_register -->
        <test-method is-config="true" signature="closeBrowser()[pri:0, instance:tests.RegisterTests@7173ae5b]" started-at="2023-09-07T18:44:22 EET" name="closeBrowser" finished-at="2023-09-07T18:44:23 EET" duration-ms="763" status="PASS">
          <reporter-output>
          </reporter-output>
        </test-method> <!-- closeBrowser -->
      </class> <!-- tests.RegisterTests -->
      <class name="tests.HomePageTests">
        <test-method is-config="true" signature="setupDriver(java.lang.String)[pri:0, instance:tests.HomePageTests@69228e85]" started-at="2023-09-07T18:42:57 EET" name="setupDriver" finished-at="2023-09-07T18:42:59 EET" duration-ms="2179" status="PASS">
          <params>
            <param index="0">
              <value>
                <![CDATA[firefox]]>
              </value>
            </param>
          </params>
          <reporter-output>
          </reporter-output>
        </test-method> <!-- setupDriver -->
        <test-method signature="checking_desktops_sublink()[pri:0, instance:tests.HomePageTests@69228e85]" started-at="2023-09-07T18:42:59 EET" name="checking_desktops_sublink" finished-at="2023-09-07T18:43:01 EET" duration-ms="1567" status="PASS">
          <reporter-output>
          </reporter-output>
        </test-method> <!-- checking_desktops_sublink -->
        <test-method is-config="true" signature="closeBrowser()[pri:0, instance:tests.HomePageTests@69228e85]" started-at="2023-09-07T18:43:01 EET" name="closeBrowser" finished-at="2023-09-07T18:43:02 EET" duration-ms="733" status="PASS">
          <reporter-output>
          </reporter-output>
        </test-method> <!-- closeBrowser -->
        <test-method is-config="true" signature="setupDriver(java.lang.String)[pri:0, instance:tests.HomePageTests@69228e85]" started-at="2023-09-07T18:43:02 EET" name="setupDriver" finished-at="2023-09-07T18:43:04 EET" duration-ms="2017" status="PASS">
          <params>
            <param index="0">
              <value>
                <![CDATA[firefox]]>
              </value>
            </param>
          </params>
          <reporter-output>
          </reporter-output>
        </test-method> <!-- setupDriver -->
        <test-method signature="checking_next_page_aarow()[pri:0, instance:tests.HomePageTests@69228e85]" started-at="2023-09-07T18:43:04 EET" name="checking_next_page_aarow" finished-at="2023-09-07T18:43:05 EET" duration-ms="1394" status="PASS">
          <reporter-output>
          </reporter-output>
        </test-method> <!-- checking_next_page_aarow -->
        <test-method is-config="true" signature="closeBrowser()[pri:0, instance:tests.HomePageTests@69228e85]" started-at="2023-09-07T18:43:05 EET" name="closeBrowser" finished-at="2023-09-07T18:43:06 EET" duration-ms="680" status="PASS">
          <reporter-output>
          </reporter-output>
        </test-method> <!-- closeBrowser -->
        <test-method is-config="true" signature="setupDriver(java.lang.String)[pri:0, instance:tests.HomePageTests@69228e85]" started-at="2023-09-07T18:43:06 EET" name="setupDriver" finished-at="2023-09-07T18:43:07 EET" duration-ms="1898" status="PASS">
          <params>
            <param index="0">
              <value>
                <![CDATA[firefox]]>
              </value>
            </param>
          </params>
          <reporter-output>
          </reporter-output>
        </test-method> <!-- setupDriver -->
        <test-method signature="checking_tablets_link()[pri:0, instance:tests.HomePageTests@69228e85]" started-at="2023-09-07T18:43:07 EET" name="checking_tablets_link" finished-at="2023-09-07T18:43:09 EET" duration-ms="1550" status="PASS">
          <reporter-output>
          </reporter-output>
        </test-method> <!-- checking_tablets_link -->
        <test-method is-config="true" signature="closeBrowser()[pri:0, instance:tests.HomePageTests@69228e85]" started-at="2023-09-07T18:43:09 EET" name="closeBrowser" finished-at="2023-09-07T18:43:10 EET" duration-ms="754" status="PASS">
          <reporter-output>
          </reporter-output>
        </test-method> <!-- closeBrowser -->
      </class> <!-- tests.HomePageTests -->
      <class name="tests.InventoryTests">
        <test-method is-config="true" signature="setupDriver(java.lang.String)[pri:0, instance:tests.InventoryTests@2f61d591]" started-at="2023-09-07T18:43:59 EET" name="setupDriver" finished-at="2023-09-07T18:44:01 EET" duration-ms="2195" status="PASS">
          <params>
            <param index="0">
              <value>
                <![CDATA[firefox]]>
              </value>
            </param>
          </params>
          <reporter-output>
          </reporter-output>
        </test-method> <!-- setupDriver -->
        <test-method signature="checkin_limit_functionality()[pri:0, instance:tests.InventoryTests@2f61d591]" started-at="2023-09-07T18:44:01 EET" name="checkin_limit_functionality" finished-at="2023-09-07T18:44:03 EET" duration-ms="2022" status="PASS">
          <reporter-output>
          </reporter-output>
        </test-method> <!-- checkin_limit_functionality -->
        <test-method is-config="true" signature="closeBrowser()[pri:0, instance:tests.InventoryTests@2f61d591]" started-at="2023-09-07T18:44:03 EET" name="closeBrowser" finished-at="2023-09-07T18:44:04 EET" duration-ms="729" status="PASS">
          <reporter-output>
          </reporter-output>
        </test-method> <!-- closeBrowser -->
        <test-method is-config="true" signature="setupDriver(java.lang.String)[pri:0, instance:tests.InventoryTests@2f61d591]" started-at="2023-09-07T18:44:04 EET" name="setupDriver" finished-at="2023-09-07T18:44:06 EET" duration-ms="2044" status="PASS">
          <params>
            <param index="0">
              <value>
                <![CDATA[firefox]]>
              </value>
            </param>
          </params>
          <reporter-output>
          </reporter-output>
        </test-method> <!-- setupDriver -->
        <test-method signature="checkin_sorting_functionality()[pri:0, instance:tests.InventoryTests@2f61d591]" started-at="2023-09-07T18:44:06 EET" name="checkin_sorting_functionality" finished-at="2023-09-07T18:44:08 EET" duration-ms="1898" status="PASS">
          <reporter-output>
          </reporter-output>
        </test-method> <!-- checkin_sorting_functionality -->
        <test-method is-config="true" signature="closeBrowser()[pri:0, instance:tests.InventoryTests@2f61d591]" started-at="2023-09-07T18:44:08 EET" name="closeBrowser" finished-at="2023-09-07T18:44:09 EET" duration-ms="661" status="PASS">
          <reporter-output>
          </reporter-output>
        </test-method> <!-- closeBrowser -->
      </class> <!-- tests.InventoryTests -->
    </test> <!-- Test2 -->
    <test started-at="2023-09-07T18:44:23 EET" name="Test3" finished-at="2023-09-07T18:46:16 EET" duration-ms="112769">
      <class name="tests.LoginTests">
        <test-method is-config="true" signature="setupDriver(java.lang.String)[pri:0, instance:tests.LoginTests@1290c49]" started-at="2023-09-07T18:45:55 EET" name="setupDriver" finished-at="2023-09-07T18:45:57 EET" duration-ms="2265" status="PASS">
          <params>
            <param index="0">
              <value>
                <![CDATA[edge]]>
              </value>
            </param>
          </params>
          <reporter-output>
          </reporter-output>
        </test-method> <!-- setupDriver -->
        <test-method signature="unsuccessful_login()[pri:0, instance:tests.LoginTests@1290c49]" started-at="2023-09-07T18:45:57 EET" name="unsuccessful_login" finished-at="2023-09-07T18:46:04 EET" duration-ms="7099" status="PASS">
          <reporter-output>
          </reporter-output>
        </test-method> <!-- unsuccessful_login -->
        <test-method is-config="true" signature="closeBrowser()[pri:0, instance:tests.LoginTests@1290c49]" started-at="2023-09-07T18:46:04 EET" name="closeBrowser" finished-at="2023-09-07T18:46:04 EET" duration-ms="183" status="PASS">
          <reporter-output>
          </reporter-output>
        </test-method> <!-- closeBrowser -->
      </class> <!-- tests.LoginTests -->
      <class name="tests.InternalProductPageTests">
        <test-method is-config="true" signature="setupDriver(java.lang.String)[pri:0, instance:tests.InternalProductPageTests@84487f4]" started-at="2023-09-07T18:44:41 EET" name="setupDriver" finished-at="2023-09-07T18:44:43 EET" duration-ms="2237" status="PASS">
          <params>
            <param index="0">
              <value>
                <![CDATA[edge]]>
              </value>
            </param>
          </params>
          <reporter-output>
          </reporter-output>
        </test-method> <!-- setupDriver -->
        <test-method signature="change_quantity()[pri:0, instance:tests.InternalProductPageTests@84487f4]" started-at="2023-09-07T18:44:43 EET" name="change_quantity" finished-at="2023-09-07T18:44:47 EET" duration-ms="3302" status="PASS">
          <reporter-output>
          </reporter-output>
        </test-method> <!-- change_quantity -->
        <test-method is-config="true" signature="closeBrowser()[pri:0, instance:tests.InternalProductPageTests@84487f4]" started-at="2023-09-07T18:44:47 EET" name="closeBrowser" finished-at="2023-09-07T18:44:47 EET" duration-ms="183" status="PASS">
          <reporter-output>
          </reporter-output>
        </test-method> <!-- closeBrowser -->
        <test-method is-config="true" signature="setupDriver(java.lang.String)[pri:0, instance:tests.InternalProductPageTests@84487f4]" started-at="2023-09-07T18:44:47 EET" name="setupDriver" finished-at="2023-09-07T18:44:49 EET" duration-ms="2255" status="PASS">
          <params>
            <param index="0">
              <value>
                <![CDATA[edge]]>
              </value>
            </param>
          </params>
          <reporter-output>
          </reporter-output>
        </test-method> <!-- setupDriver -->
        <test-method signature="product_add_to_cart()[pri:0, instance:tests.InternalProductPageTests@84487f4]" started-at="2023-09-07T18:44:49 EET" name="product_add_to_cart" finished-at="2023-09-07T18:44:53 EET" duration-ms="3884" status="PASS">
          <reporter-output>
          </reporter-output>
        </test-method> <!-- product_add_to_cart -->
        <test-method is-config="true" signature="closeBrowser()[pri:0, instance:tests.InternalProductPageTests@84487f4]" started-at="2023-09-07T18:44:53 EET" name="closeBrowser" finished-at="2023-09-07T18:44:53 EET" duration-ms="183" status="PASS">
          <reporter-output>
          </reporter-output>
        </test-method> <!-- closeBrowser -->
        <test-method is-config="true" signature="setupDriver(java.lang.String)[pri:0, instance:tests.InternalProductPageTests@84487f4]" started-at="2023-09-07T18:44:53 EET" name="setupDriver" finished-at="2023-09-07T18:44:55 EET" duration-ms="2242" status="PASS">
          <params>
            <param index="0">
              <value>
                <![CDATA[edge]]>
              </value>
            </param>
          </params>
          <reporter-output>
          </reporter-output>
        </test-method> <!-- setupDriver -->
        <test-method signature="product_write_review()[pri:0, instance:tests.InternalProductPageTests@84487f4]" started-at="2023-09-07T18:44:55 EET" name="product_write_review" finished-at="2023-09-07T18:45:01 EET" duration-ms="5831" status="PASS">
          <reporter-output>
          </reporter-output>
        </test-method> <!-- product_write_review -->
        <test-method is-config="true" signature="closeBrowser()[pri:0, instance:tests.InternalProductPageTests@84487f4]" started-at="2023-09-07T18:45:01 EET" name="closeBrowser" finished-at="2023-09-07T18:45:01 EET" duration-ms="242" status="PASS">
          <reporter-output>
          </reporter-output>
        </test-method> <!-- closeBrowser -->
      </class> <!-- tests.InternalProductPageTests -->
      <class name="tests.ContactUsTests">
        <test-method is-config="true" signature="setupDriver(java.lang.String)[pri:0, instance:tests.ContactUsTests@fb6097b]" started-at="2023-09-07T18:45:17 EET" name="setupDriver" finished-at="2023-09-07T18:45:19 EET" duration-ms="2255" status="PASS">
          <params>
            <param index="0">
              <value>
                <![CDATA[edge]]>
              </value>
            </param>
          </params>
          <reporter-output>
          </reporter-output>
        </test-method> <!-- setupDriver -->
        <test-method signature="send_message()[pri:0, instance:tests.ContactUsTests@fb6097b]" started-at="2023-09-07T18:45:19 EET" name="send_message" finished-at="2023-09-07T18:45:22 EET" duration-ms="3456" status="PASS">
          <reporter-output>
          </reporter-output>
        </test-method> <!-- send_message -->
        <test-method is-config="true" signature="closeBrowser()[pri:0, instance:tests.ContactUsTests@fb6097b]" started-at="2023-09-07T18:45:22 EET" name="closeBrowser" finished-at="2023-09-07T18:45:22 EET" duration-ms="167" status="PASS">
          <reporter-output>
          </reporter-output>
        </test-method> <!-- closeBrowser -->
        <test-method is-config="true" signature="setupDriver(java.lang.String)[pri:0, instance:tests.ContactUsTests@fb6097b]" started-at="2023-09-07T18:45:22 EET" name="setupDriver" finished-at="2023-09-07T18:45:25 EET" duration-ms="2254" status="PASS">
          <params>
            <param index="0">
              <value>
                <![CDATA[edge]]>
              </value>
            </param>
          </params>
          <reporter-output>
          </reporter-output>
        </test-method> <!-- setupDriver -->
        <test-method signature="wrong_info_contacting(java.lang.String,java.lang.String,java.lang.String,java.lang.String)[pri:0, instance:tests.ContactUsTests@fb6097b]" started-at="2023-09-07T18:45:25 EET" name="wrong_info_contacting" data-provider="invalid_Data" finished-at="2023-09-07T18:45:29 EET" duration-ms="3973" status="PASS">
          <params>
            <param index="0">
              <value>
                <![CDATA[]]>
              </value>
            </param>
            <param index="1">
              <value>
                <![CDATA[sh@sh.com]]>
              </value>
            </param>
            <param index="2">
              <value>
                <![CDATA[ur products are shit]]>
              </value>
            </param>
            <param index="3">
              <value>
                <![CDATA[Name must be between 3 and 32 characters!]]>
              </value>
            </param>
          </params>
          <reporter-output>
          </reporter-output>
        </test-method> <!-- wrong_info_contacting -->
        <test-method is-config="true" signature="closeBrowser()[pri:0, instance:tests.ContactUsTests@fb6097b]" started-at="2023-09-07T18:45:29 EET" name="closeBrowser" finished-at="2023-09-07T18:45:29 EET" duration-ms="192" status="PASS">
          <reporter-output>
          </reporter-output>
        </test-method> <!-- closeBrowser -->
        <test-method is-config="true" signature="setupDriver(java.lang.String)[pri:0, instance:tests.ContactUsTests@fb6097b]" started-at="2023-09-07T18:45:29 EET" name="setupDriver" finished-at="2023-09-07T18:45:31 EET" duration-ms="2210" status="PASS">
          <params>
            <param index="0">
              <value>
                <![CDATA[edge]]>
              </value>
            </param>
          </params>
          <reporter-output>
          </reporter-output>
        </test-method> <!-- setupDriver -->
        <test-method signature="wrong_info_contacting(java.lang.String,java.lang.String,java.lang.String,java.lang.String)[pri:0, instance:tests.ContactUsTests@fb6097b]" started-at="2023-09-07T18:45:31 EET" name="wrong_info_contacting" data-provider="invalid_Data" finished-at="2023-09-07T18:45:36 EET" duration-ms="4721" status="PASS">
          <params>
            <param index="0">
              <value>
                <![CDATA[salah]]>
              </value>
            </param>
            <param index="1">
              <value>
                <![CDATA[]]>
              </value>
            </param>
            <param index="2">
              <value>
                <![CDATA[ur products are shit]]>
              </value>
            </param>
            <param index="3">
              <value>
                <![CDATA[E-Mail Address does not appear to be valid!]]>
              </value>
            </param>
          </params>
          <reporter-output>
          </reporter-output>
        </test-method> <!-- wrong_info_contacting -->
        <test-method is-config="true" signature="closeBrowser()[pri:0, instance:tests.ContactUsTests@fb6097b]" started-at="2023-09-07T18:45:36 EET" name="closeBrowser" finished-at="2023-09-07T18:45:36 EET" duration-ms="179" status="PASS">
          <reporter-output>
          </reporter-output>
        </test-method> <!-- closeBrowser -->
        <test-method is-config="true" signature="setupDriver(java.lang.String)[pri:0, instance:tests.ContactUsTests@fb6097b]" started-at="2023-09-07T18:45:36 EET" name="setupDriver" finished-at="2023-09-07T18:45:38 EET" duration-ms="2233" status="PASS">
          <params>
            <param index="0">
              <value>
                <![CDATA[edge]]>
              </value>
            </param>
          </params>
          <reporter-output>
          </reporter-output>
        </test-method> <!-- setupDriver -->
        <test-method signature="wrong_info_contacting(java.lang.String,java.lang.String,java.lang.String,java.lang.String)[pri:0, instance:tests.ContactUsTests@fb6097b]" started-at="2023-09-07T18:45:38 EET" name="wrong_info_contacting" data-provider="invalid_Data" finished-at="2023-09-07T18:45:43 EET" duration-ms="4416" status="PASS">
          <params>
            <param index="0">
              <value>
                <![CDATA[salah]]>
              </value>
            </param>
            <param index="1">
              <value>
                <![CDATA[sh@sh.com]]>
              </value>
            </param>
            <param index="2">
              <value>
                <![CDATA[]]>
              </value>
            </param>
            <param index="3">
              <value>
                <![CDATA[Enquiry must be between 10 and 3000 characters!]]>
              </value>
            </param>
          </params>
          <reporter-output>
          </reporter-output>
        </test-method> <!-- wrong_info_contacting -->
        <test-method is-config="true" signature="closeBrowser()[pri:0, instance:tests.ContactUsTests@fb6097b]" started-at="2023-09-07T18:45:43 EET" name="closeBrowser" finished-at="2023-09-07T18:45:43 EET" duration-ms="178" status="PASS">
          <reporter-output>
          </reporter-output>
        </test-method> <!-- closeBrowser -->
      </class> <!-- tests.ContactUsTests -->
      <class name="tests.FooterTests">
        <test-method is-config="true" signature="setupDriver(java.lang.String)[pri:0, instance:tests.FooterTests@bfc14b9]" started-at="2023-09-07T18:45:01 EET" name="setupDriver" finished-at="2023-09-07T18:45:04 EET" duration-ms="2270" status="PASS">
          <params>
            <param index="0">
              <value>
                <![CDATA[edge]]>
              </value>
            </param>
          </params>
          <reporter-output>
          </reporter-output>
        </test-method> <!-- setupDriver -->
        <test-method signature="check_about_us_link()[pri:0, instance:tests.FooterTests@bfc14b9]" started-at="2023-09-07T18:45:04 EET" name="check_about_us_link" finished-at="2023-09-07T18:45:05 EET" duration-ms="1419" status="PASS">
          <reporter-output>
          </reporter-output>
        </test-method> <!-- check_about_us_link -->
        <test-method is-config="true" signature="closeBrowser()[pri:0, instance:tests.FooterTests@bfc14b9]" started-at="2023-09-07T18:45:05 EET" name="closeBrowser" finished-at="2023-09-07T18:45:05 EET" duration-ms="185" status="PASS">
          <reporter-output>
          </reporter-output>
        </test-method> <!-- closeBrowser -->
        <test-method is-config="true" signature="setupDriver(java.lang.String)[pri:0, instance:tests.FooterTests@bfc14b9]" started-at="2023-09-07T18:45:05 EET" name="setupDriver" finished-at="2023-09-07T18:45:08 EET" duration-ms="2213" status="PASS">
          <params>
            <param index="0">
              <value>
                <![CDATA[edge]]>
              </value>
            </param>
          </params>
          <reporter-output>
          </reporter-output>
        </test-method> <!-- setupDriver -->
        <test-method signature="check_avout_us_link()[pri:0, instance:tests.FooterTests@bfc14b9]" started-at="2023-09-07T18:45:08 EET" name="check_avout_us_link" finished-at="2023-09-07T18:45:10 EET" duration-ms="2167" status="PASS">
          <reporter-output>
          </reporter-output>
        </test-method> <!-- check_avout_us_link -->
        <test-method is-config="true" signature="closeBrowser()[pri:0, instance:tests.FooterTests@bfc14b9]" started-at="2023-09-07T18:45:10 EET" name="closeBrowser" finished-at="2023-09-07T18:45:10 EET" duration-ms="166" status="PASS">
          <reporter-output>
          </reporter-output>
        </test-method> <!-- closeBrowser -->
        <test-method is-config="true" signature="setupDriver(java.lang.String)[pri:0, instance:tests.FooterTests@bfc14b9]" started-at="2023-09-07T18:45:10 EET" name="setupDriver" finished-at="2023-09-07T18:45:12 EET" duration-ms="2246" status="PASS">
          <params>
            <param index="0">
              <value>
                <![CDATA[edge]]>
              </value>
            </param>
          </params>
          <reporter-output>
          </reporter-output>
        </test-method> <!-- setupDriver -->
        <test-method signature="check_contact_us_link()[pri:0, instance:tests.FooterTests@bfc14b9]" started-at="2023-09-07T18:45:12 EET" name="check_contact_us_link" finished-at="2023-09-07T18:45:16 EET" duration-ms="4245" status="PASS">
          <reporter-output>
          </reporter-output>
        </test-method> <!-- check_contact_us_link -->
        <test-method is-config="true" signature="closeBrowser()[pri:0, instance:tests.FooterTests@bfc14b9]" started-at="2023-09-07T18:45:16 EET" name="closeBrowser" finished-at="2023-09-07T18:45:17 EET" duration-ms="175" status="PASS">
          <reporter-output>
          </reporter-output>
        </test-method> <!-- closeBrowser -->
      </class> <!-- tests.FooterTests -->
      <class name="tests.HomePageTests">
        <test-method is-config="true" signature="setupDriver(java.lang.String)[pri:0, instance:tests.HomePageTests@1416cf9f]" started-at="2023-09-07T18:44:23 EET" name="setupDriver" finished-at="2023-09-07T18:44:25 EET" duration-ms="2301" status="PASS">
          <params>
            <param index="0">
              <value>
                <![CDATA[edge]]>
              </value>
            </param>
          </params>
          <reporter-output>
          </reporter-output>
        </test-method> <!-- setupDriver -->
        <test-method signature="checking_desktops_sublink()[pri:0, instance:tests.HomePageTests@1416cf9f]" started-at="2023-09-07T18:44:25 EET" name="checking_desktops_sublink" finished-at="2023-09-07T18:44:32 EET" duration-ms="7209" status="PASS">
          <reporter-output>
          </reporter-output>
        </test-method> <!-- checking_desktops_sublink -->
        <test-method is-config="true" signature="closeBrowser()[pri:0, instance:tests.HomePageTests@1416cf9f]" started-at="2023-09-07T18:44:32 EET" name="closeBrowser" finished-at="2023-09-07T18:44:33 EET" duration-ms="204" status="PASS">
          <reporter-output>
          </reporter-output>
        </test-method> <!-- closeBrowser -->
        <test-method is-config="true" signature="setupDriver(java.lang.String)[pri:0, instance:tests.HomePageTests@1416cf9f]" started-at="2023-09-07T18:44:33 EET" name="setupDriver" finished-at="2023-09-07T18:44:35 EET" duration-ms="2213" status="PASS">
          <params>
            <param index="0">
              <value>
                <![CDATA[edge]]>
              </value>
            </param>
          </params>
          <reporter-output>
          </reporter-output>
        </test-method> <!-- setupDriver -->
        <test-method signature="checking_next_page_aarow()[pri:0, instance:tests.HomePageTests@1416cf9f]" started-at="2023-09-07T18:44:35 EET" name="checking_next_page_aarow" finished-at="2023-09-07T18:44:36 EET" duration-ms="1394" status="PASS">
          <reporter-output>
          </reporter-output>
        </test-method> <!-- checking_next_page_aarow -->
        <test-method is-config="true" signature="closeBrowser()[pri:0, instance:tests.HomePageTests@1416cf9f]" started-at="2023-09-07T18:44:36 EET" name="closeBrowser" finished-at="2023-09-07T18:44:36 EET" duration-ms="188" status="PASS">
          <reporter-output>
          </reporter-output>
        </test-method> <!-- closeBrowser -->
        <test-method is-config="true" signature="setupDriver(java.lang.String)[pri:0, instance:tests.HomePageTests@1416cf9f]" started-at="2023-09-07T18:44:36 EET" name="setupDriver" finished-at="2023-09-07T18:44:39 EET" duration-ms="2206" status="PASS">
          <params>
            <param index="0">
              <value>
                <![CDATA[edge]]>
              </value>
            </param>
          </params>
          <reporter-output>
          </reporter-output>
        </test-method> <!-- setupDriver -->
        <test-method signature="checking_tablets_link()[pri:0, instance:tests.HomePageTests@1416cf9f]" started-at="2023-09-07T18:44:39 EET" name="checking_tablets_link" finished-at="2023-09-07T18:44:41 EET" duration-ms="2285" status="PASS">
          <reporter-output>
          </reporter-output>
        </test-method> <!-- checking_tablets_link -->
        <test-method is-config="true" signature="closeBrowser()[pri:0, instance:tests.HomePageTests@1416cf9f]" started-at="2023-09-07T18:44:41 EET" name="closeBrowser" finished-at="2023-09-07T18:44:41 EET" duration-ms="182" status="PASS">
          <reporter-output>
          </reporter-output>
        </test-method> <!-- closeBrowser -->
      </class> <!-- tests.HomePageTests -->
      <class name="tests.RegisterTests">
        <test-method is-config="true" signature="setupDriver(java.lang.String)[pri:0, instance:tests.RegisterTests@6a9b9909]" started-at="2023-09-07T18:46:04 EET" name="setupDriver" finished-at="2023-09-07T18:46:07 EET" duration-ms="2256" status="PASS">
          <params>
            <param index="0">
              <value>
                <![CDATA[edge]]>
              </value>
            </param>
          </params>
          <reporter-output>
          </reporter-output>
        </test-method> <!-- setupDriver -->
        <test-method signature="successful_register()[pri:0, instance:tests.RegisterTests@6a9b9909]" started-at="2023-09-07T18:46:07 EET" name="successful_register" finished-at="2023-09-07T18:46:11 EET" duration-ms="4332" status="PASS">
          <reporter-output>
          </reporter-output>
        </test-method> <!-- successful_register -->
        <test-method is-config="true" signature="closeBrowser()[pri:0, instance:tests.RegisterTests@6a9b9909]" started-at="2023-09-07T18:46:11 EET" name="closeBrowser" finished-at="2023-09-07T18:46:11 EET" duration-ms="180" status="PASS">
          <reporter-output>
          </reporter-output>
        </test-method> <!-- closeBrowser -->
        <test-method is-config="true" signature="setupDriver(java.lang.String)[pri:0, instance:tests.RegisterTests@6a9b9909]" started-at="2023-09-07T18:46:11 EET" name="setupDriver" finished-at="2023-09-07T18:46:13 EET" duration-ms="2260" status="PASS">
          <params>
            <param index="0">
              <value>
                <![CDATA[edge]]>
              </value>
            </param>
          </params>
          <reporter-output>
          </reporter-output>
        </test-method> <!-- setupDriver -->
        <test-method signature="unsuccessful_register()[pri:0, instance:tests.RegisterTests@6a9b9909]" started-at="2023-09-07T18:46:13 EET" name="unsuccessful_register" finished-at="2023-09-07T18:46:15 EET" duration-ms="2067" status="PASS">
          <reporter-output>
          </reporter-output>
        </test-method> <!-- unsuccessful_register -->
        <test-method is-config="true" signature="closeBrowser()[pri:0, instance:tests.RegisterTests@6a9b9909]" started-at="2023-09-07T18:46:15 EET" name="closeBrowser" finished-at="2023-09-07T18:46:16 EET" duration-ms="184" status="PASS">
          <reporter-output>
          </reporter-output>
        </test-method> <!-- closeBrowser -->
      </class> <!-- tests.RegisterTests -->
      <class name="tests.InventoryTests">
        <test-method is-config="true" signature="setupDriver(java.lang.String)[pri:0, instance:tests.InventoryTests@2dfe5525]" started-at="2023-09-07T18:45:43 EET" name="setupDriver" finished-at="2023-09-07T18:45:45 EET" duration-ms="2246" status="PASS">
          <params>
            <param index="0">
              <value>
                <![CDATA[edge]]>
              </value>
            </param>
          </params>
          <reporter-output>
          </reporter-output>
        </test-method> <!-- setupDriver -->
        <test-method signature="checkin_limit_functionality()[pri:0, instance:tests.InventoryTests@2dfe5525]" started-at="2023-09-07T18:45:45 EET" name="checkin_limit_functionality" finished-at="2023-09-07T18:45:49 EET" duration-ms="3441" status="PASS">
          <reporter-output>
          </reporter-output>
        </test-method> <!-- checkin_limit_functionality -->
        <test-method is-config="true" signature="closeBrowser()[pri:0, instance:tests.InventoryTests@2dfe5525]" started-at="2023-09-07T18:45:49 EET" name="closeBrowser" finished-at="2023-09-07T18:45:49 EET" duration-ms="180" status="PASS">
          <reporter-output>
          </reporter-output>
        </test-method> <!-- closeBrowser -->
        <test-method is-config="true" signature="setupDriver(java.lang.String)[pri:0, instance:tests.InventoryTests@2dfe5525]" started-at="2023-09-07T18:45:49 EET" name="setupDriver" finished-at="2023-09-07T18:45:51 EET" duration-ms="2269" status="PASS">
          <params>
            <param index="0">
              <value>
                <![CDATA[edge]]>
              </value>
            </param>
          </params>
          <reporter-output>
          </reporter-output>
        </test-method> <!-- setupDriver -->
        <test-method signature="checkin_sorting_functionality()[pri:0, instance:tests.InventoryTests@2dfe5525]" started-at="2023-09-07T18:45:51 EET" name="checkin_sorting_functionality" finished-at="2023-09-07T18:45:55 EET" duration-ms="3700" status="PASS">
          <reporter-output>
          </reporter-output>
        </test-method> <!-- checkin_sorting_functionality -->
        <test-method is-config="true" signature="closeBrowser()[pri:0, instance:tests.InventoryTests@2dfe5525]" started-at="2023-09-07T18:45:55 EET" name="closeBrowser" finished-at="2023-09-07T18:45:55 EET" duration-ms="187" status="PASS">
          <reporter-output>
          </reporter-output>
        </test-method> <!-- closeBrowser -->
      </class> <!-- tests.InventoryTests -->
    </test> <!-- Test3 -->
  </suite> <!-- Suite -->
</testng-results>
